#
# A fatal error has been detected by the Java Runtime Environment:
#
#  EXCEPTION_ACCESS_VIOLATION (0xc0000005) at pc=0x00007ffc78863361, pid=8596, tid=11720
#
# JRE version: Java(TM) SE Runtime Environment (19.0.2+7) (build 19.0.2+7-44)
# Java VM: Java HotSpot(TM) 64-Bit Server VM (19.0.2+7-44, mixed mode, emulated-client, sharing, tiered, compressed oops, compressed class ptrs, g1 gc, windows-amd64)
# Problematic frame:
# V  [jvm.dll+0x343361]
#
# No core dump will be written. Minidumps are not enabled by default on client versions of Windows
#
# If you would like to submit a bug report, please visit:
#   https://bugreport.java.com/bugreport/crash.jsp
#

---------------  S U M M A R Y ------------

Command Line: -XX:+ShowCodeDetailsInExceptionMessages -agentlib:jdwp=transport=dt_socket,suspend=y,address=localhost:60118 -Dcom.sun.management.jmxremote -Dcom.sun.management.jmxremote.port=60117 -Dcom.sun.management.jmxremote.authenticate=false -Dcom.sun.management.jmxremote.ssl=false -Djava.rmi.server.hostname=localhost -Dspring.jmx.enabled=true -Dmanagement.endpoints.jmx.exposure.include=* -Dspring.application.admin.enabled=true -XX:TieredStopAtLevel=1 -Dspring.boot.project.name=GestionStockBackend-main -javaagent:C:\Users\Lenovo\Desktop\sts-4.22.1.RELEASE\configuration\org.eclipse.osgi\266\0\.cp\lib\javaagent-shaded.jar -Dfile.encoding=UTF-8 -Dstdout.encoding=UTF-8 -Dstderr.encoding=UTF-8 com.example.stock.StockApplication --spring.output.ansi.enabled=always

Host: Intel(R) Core(TM) i5-9300H CPU @ 2.40GHz, 8 cores, 15G,  Windows 10 , 64 bit Build 19041 (10.0.19041.3636)
Time: Thu Jun  6 14:20:46 2024 Paris, Madrid elapsed time: 1152.215537 seconds (0d 0h 19m 12s)

---------------  T H R E A D  ---------------

Current thread (0x0000025d976d5790):  WorkerThread "GC Thread#0" [stack: 0x000000d5da600000,0x000000d5da700000] [id=11720]

Stack: [0x000000d5da600000,0x000000d5da700000],  sp=0x000000d5da6fe3e0,  free space=1016k
Native frames: (J=compiled Java code, j=interpreted, Vv=VM code, C=native code)
V  [jvm.dll+0x343361]
V  [jvm.dll+0x343252]
V  [jvm.dll+0x318aed]
V  [jvm.dll+0x31852d]
V  [jvm.dll+0x8052d7]
V  [jvm.dll+0x805149]
V  [jvm.dll+0x805796]
V  [jvm.dll+0x36c6dc]
V  [jvm.dll+0x36c794]
V  [jvm.dll+0x3474b3]
V  [jvm.dll+0x8835d7]
V  [jvm.dll+0x80125a]
V  [jvm.dll+0x6ecf0b]
C  [ucrtbase.dll+0x21bb2]
C  [KERNEL32.DLL+0x17344]
C  [ntdll.dll+0x526b1]

JavaThread 0x0000025db552a010 (nid = 1212) was being processed
Java frames: (J=compiled Java code, j=interpreted, Vv=VM code)
j  java.lang.invoke.DirectMethodHandle$Holder.invokeVirtual(Ljava/lang/Object;Ljava/lang/Object;)Ljava/lang/Object;+10 java.base@19.0.2
J 2691 c1 java.lang.invoke.LambdaForm$MH+0x0000000801001800.invoke(Ljava/lang/Object;Ljava/lang/Object;)Ljava/lang/Object; java.base@19.0.2 (35 bytes) @ 0x0000025d9fcfe1d4 [0x0000025d9fcfe0e0+0x00000000000000f4]
J 4575 c1 java.lang.reflect.Method.invoke(Ljava/lang/Object;[Ljava/lang/Object;)Ljava/lang/Object; java.base@19.0.2 (108 bytes) @ 0x0000025da003f704 [0x0000025da003ebe0+0x0000000000000b24]
j  org.springframework.web.method.support.InvocableHandlerMethod.doInvoke([Ljava/lang/Object;)Ljava/lang/Object;+55
j  org.springframework.web.method.support.InvocableHandlerMethod.invokeForRequest(Lorg/springframework/web/context/request/NativeWebRequest;Lorg/springframework/web/method/support/ModelAndViewContainer;[Ljava/lang/Object;)Ljava/lang/Object;+82
j  org.springframework.web.servlet.mvc.method.annotation.ServletInvocableHandlerMethod.invokeAndHandle(Lorg/springframework/web/context/request/ServletWebRequest;Lorg/springframework/web/method/support/ModelAndViewContainer;[Ljava/lang/Object;)V+4
j  org.springframework.web.servlet.mvc.method.annotation.RequestMappingHandlerAdapter.invokeHandlerMethod(Ljakarta/servlet/http/HttpServletRequest;Ljakarta/servlet/http/HttpServletResponse;Lorg/springframework/web/method/HandlerMethod;)Lorg/springframework/web/servlet/ModelAndView;+279
j  org.springframework.web.servlet.mvc.method.annotation.RequestMappingHandlerAdapter.handleInternal(Ljakarta/servlet/http/HttpServletRequest;Ljakarta/servlet/http/HttpServletResponse;Lorg/springframework/web/method/HandlerMethod;)Lorg/springframework/web/servlet/ModelAndView;+81
j  org.springframework.web.servlet.mvc.method.AbstractHandlerMethodAdapter.handle(Ljakarta/servlet/http/HttpServletRequest;Ljakarta/servlet/http/HttpServletResponse;Ljava/lang/Object;)Lorg/springframework/web/servlet/ModelAndView;+7
j  org.springframework.web.servlet.DispatcherServlet.doDispatch(Ljakarta/servlet/http/HttpServletRequest;Ljakarta/servlet/http/HttpServletResponse;)V+259
j  org.springframework.web.servlet.DispatcherServlet.doService(Ljakarta/servlet/http/HttpServletRequest;Ljakarta/servlet/http/HttpServletResponse;)V+242
j  org.springframework.web.servlet.FrameworkServlet.processRequest(Ljakarta/servlet/http/HttpServletRequest;Ljakarta/servlet/http/HttpServletResponse;)V+70
j  org.springframework.web.servlet.FrameworkServlet.doGet(Ljakarta/servlet/http/HttpServletRequest;Ljakarta/servlet/http/HttpServletResponse;)V+3
j  jakarta.servlet.http.HttpServlet.service(Ljakarta/servlet/http/HttpServletRequest;Ljakarta/servlet/http/HttpServletResponse;)V+35
j  org.springframework.web.servlet.FrameworkServlet.service(Ljakarta/servlet/http/HttpServletRequest;Ljakarta/servlet/http/HttpServletResponse;)V+20
j  jakarta.servlet.http.HttpServlet.service(Ljakarta/servlet/ServletRequest;Ljakarta/servlet/ServletResponse;)V+37
j  org.apache.catalina.core.ApplicationFilterChain.internalDoFilter(Ljakarta/servlet/ServletRequest;Ljakarta/servlet/ServletResponse;)V+305
j  org.apache.catalina.core.ApplicationFilterChain.doFilter(Ljakarta/servlet/ServletRequest;Ljakarta/servlet/ServletResponse;)V+99
j  org.apache.tomcat.websocket.server.WsFilter.doFilter(Ljakarta/servlet/ServletRequest;Ljakarta/servlet/ServletResponse;Ljakarta/servlet/FilterChain;)V+21
j  org.apache.catalina.core.ApplicationFilterChain.internalDoFilter(Ljakarta/servlet/ServletRequest;Ljakarta/servlet/ServletResponse;)V+135
j  org.apache.catalina.core.ApplicationFilterChain.doFilter(Ljakarta/servlet/ServletRequest;Ljakarta/servlet/ServletResponse;)V+99
j  org.springframework.web.filter.OncePerRequestFilter.doFilter(Ljakarta/servlet/ServletRequest;Ljakarta/servlet/ServletResponse;Ljakarta/servlet/FilterChain;)V+125
j  org.apache.catalina.core.ApplicationFilterChain.internalDoFilter(Ljakarta/servlet/ServletRequest;Ljakarta/servlet/ServletResponse;)V+135
j  org.apache.catalina.core.ApplicationFilterChain.doFilter(Ljakarta/servlet/ServletRequest;Ljakarta/servlet/ServletResponse;)V+99
j  com.example.stock.config.JwtAuthenticationFilter.doFilterInternal(Ljakarta/servlet/http/HttpServletRequest;Ljakarta/servlet/http/HttpServletResponse;Ljakarta/servlet/FilterChain;)V+70
j  org.springframework.web.filter.OncePerRequestFilter.doFilter(Ljakarta/servlet/ServletRequest;Ljakarta/servlet/ServletResponse;Ljakarta/servlet/FilterChain;)V+150
j  org.apache.catalina.core.ApplicationFilterChain.internalDoFilter(Ljakarta/servlet/ServletRequest;Ljakarta/servlet/ServletResponse;)V+135
j  org.apache.catalina.core.ApplicationFilterChain.doFilter(Ljakarta/servlet/ServletRequest;Ljakarta/servlet/ServletResponse;)V+99
j  org.springframework.web.filter.CompositeFilter$VirtualFilterChain.doFilter(Ljakarta/servlet/ServletRequest;Ljakarta/servlet/ServletResponse;)V+22
j  org.springframework.security.web.FilterChainProxy.lambda$doFilterInternal$3(Lorg/springframework/security/web/firewall/FirewalledRequest;Ljakarta/servlet/FilterChain;Ljakarta/servlet/ServletRequest;Ljakarta/servlet/ServletResponse;)V+35
j  org.springframework.security.web.FilterChainProxy$$Lambda$1634+0x0000000801a23c08.doFilter(Ljakarta/servlet/ServletRequest;Ljakarta/servlet/ServletResponse;)V+10
j  org.springframework.security.web.FilterChainProxy$VirtualFilterChain.doFilter(Ljakarta/servlet/ServletRequest;Ljakarta/servlet/ServletResponse;)V+17
j  org.springframework.security.web.access.intercept.FilterSecurityInterceptor.invoke(Lorg/springframework/security/web/FilterInvocation;)V+79
j  org.springframework.security.web.access.intercept.FilterSecurityInterceptor.doFilter(Ljakarta/servlet/ServletRequest;Ljakarta/servlet/ServletResponse;Ljakarta/servlet/FilterChain;)V+11
j  org.springframework.security.web.FilterChainProxy$VirtualFilterChain.doFilter(Ljakarta/servlet/ServletRequest;Ljakarta/servlet/ServletResponse;)V+105
j  org.springframework.security.web.access.ExceptionTranslationFilter.doFilter(Ljakarta/servlet/http/HttpServletRequest;Ljakarta/servlet/http/HttpServletResponse;Ljakarta/servlet/FilterChain;)V+3
j  org.springframework.security.web.access.ExceptionTranslationFilter.doFilter(Ljakarta/servlet/ServletRequest;Ljakarta/servlet/ServletResponse;Ljakarta/servlet/FilterChain;)V+10
j  org.springframework.security.web.FilterChainProxy$VirtualFilterChain.doFilter(Ljakarta/servlet/ServletRequest;Ljakarta/servlet/ServletResponse;)V+105
j  org.springframework.security.web.session.SessionManagementFilter.doFilter(Ljakarta/servlet/http/HttpServletRequest;Ljakarta/servlet/http/HttpServletResponse;Ljakarta/servlet/FilterChain;)V+223
j  org.springframework.security.web.session.SessionManagementFilter.doFilter(Ljakarta/servlet/ServletRequest;Ljakarta/servlet/ServletResponse;Ljakarta/servlet/FilterChain;)V+10
j  org.springframework.security.web.FilterChainProxy$VirtualFilterChain.doFilter(Ljakarta/servlet/ServletRequest;Ljakarta/servlet/ServletResponse;)V+105
j  org.springframework.security.web.authentication.AnonymousAuthenticationFilter.doFilter(Ljakarta/servlet/ServletRequest;Ljakarta/servlet/ServletResponse;Ljakarta/servlet/FilterChain;)V+33
j  org.springframework.security.web.FilterChainProxy$VirtualFilterChain.doFilter(Ljakarta/servlet/ServletRequest;Ljakarta/servlet/ServletResponse;)V+105
j  org.springframework.security.web.servletapi.SecurityContextHolderAwareRequestFilter.doFilter(Ljakarta/servlet/ServletRequest;Ljakarta/servlet/ServletResponse;Ljakarta/servlet/FilterChain;)V+19
j  org.springframework.security.web.FilterChainProxy$VirtualFilterChain.doFilter(Ljakarta/servlet/ServletRequest;Ljakarta/servlet/ServletResponse;)V+105
j  org.springframework.security.web.savedrequest.RequestCacheAwareFilter.doFilter(Ljakarta/servlet/ServletRequest;Ljakarta/servlet/ServletResponse;Ljakarta/servlet/FilterChain;)V+32
j  org.springframework.security.web.FilterChainProxy$VirtualFilterChain.doFilter(Ljakarta/servlet/ServletRequest;Ljakarta/servlet/ServletResponse;)V+105
j  com.example.stock.config.JwtAuthenticationFilter.doFilterInternal(Ljakarta/servlet/http/HttpServletRequest;Ljakarta/servlet/http/HttpServletResponse;Ljakarta/servlet/FilterChain;)V+70
j  org.springframework.web.filter.OncePerRequestFilter.doFilter(Ljakarta/servlet/ServletRequest;Ljakarta/servlet/ServletResponse;Ljakarta/servlet/FilterChain;)V+150
j  org.springframework.security.web.FilterChainProxy$VirtualFilterChain.doFilter(Ljakarta/servlet/ServletRequest;Ljakarta/servlet/ServletResponse;)V+105
j  org.springframework.security.web.authentication.logout.LogoutFilter.doFilter(Ljakarta/servlet/http/HttpServletRequest;Ljakarta/servlet/http/HttpServletResponse;Ljakarta/servlet/FilterChain;)V+83
j  org.springframework.security.web.authentication.logout.LogoutFilter.doFilter(Ljakarta/servlet/ServletRequest;Ljakarta/servlet/ServletResponse;Ljakarta/servlet/FilterChain;)V+10
j  org.springframework.security.web.FilterChainProxy$VirtualFilterChain.doFilter(Ljakarta/servlet/ServletRequest;Ljakarta/servlet/ServletResponse;)V+105
j  org.springframework.web.filter.CorsFilter.doFilterInternal(Ljakarta/servlet/http/HttpServletRequest;Ljakarta/servlet/http/HttpServletResponse;Ljakarta/servlet/FilterChain;)V+43
j  org.springframework.web.filter.OncePerRequestFilter.doFilter(Ljakarta/servlet/ServletRequest;Ljakarta/servlet/ServletResponse;Ljakarta/servlet/FilterChain;)V+150
j  org.springframework.security.web.FilterChainProxy$VirtualFilterChain.doFilter(Ljakarta/servlet/ServletRequest;Ljakarta/servlet/ServletResponse;)V+105
j  org.springframework.security.web.header.HeaderWriterFilter.doHeadersAfter(Ljakarta/servlet/http/HttpServletRequest;Ljakarta/servlet/http/HttpServletResponse;Ljakarta/servlet/FilterChain;)V+29
j  org.springframework.security.web.header.HeaderWriterFilter.doFilterInternal(Ljakarta/servlet/http/HttpServletRequest;Ljakarta/servlet/http/HttpServletResponse;Ljakarta/servlet/FilterChain;)V+21
j  org.springframework.web.filter.OncePerRequestFilter.doFilter(Ljakarta/servlet/ServletRequest;Ljakarta/servlet/ServletResponse;Ljakarta/servlet/FilterChain;)V+150
j  org.springframework.security.web.FilterChainProxy$VirtualFilterChain.doFilter(Ljakarta/servlet/ServletRequest;Ljakarta/servlet/ServletResponse;)V+105
j  org.springframework.security.web.context.SecurityContextHolderFilter.doFilter(Ljakarta/servlet/http/HttpServletRequest;Ljakarta/servlet/http/HttpServletResponse;Ljakarta/servlet/FilterChain;)V+59
j  org.springframework.security.web.context.SecurityContextHolderFilter.doFilter(Ljakarta/servlet/ServletRequest;Ljakarta/servlet/ServletResponse;Ljakarta/servlet/FilterChain;)V+10
j  org.springframework.security.web.FilterChainProxy$VirtualFilterChain.doFilter(Ljakarta/servlet/ServletRequest;Ljakarta/servlet/ServletResponse;)V+105
j  org.springframework.security.web.context.request.async.WebAsyncManagerIntegrationFilter.doFilterInternal(Ljakarta/servlet/http/HttpServletRequest;Ljakarta/servlet/http/HttpServletResponse;Ljakarta/servlet/FilterChain;)V+55
j  org.springframework.web.filter.OncePerRequestFilter.doFilter(Ljakarta/servlet/ServletRequest;Ljakarta/servlet/ServletResponse;Ljakarta/servlet/FilterChain;)V+150
j  org.springframework.security.web.FilterChainProxy$VirtualFilterChain.doFilter(Ljakarta/servlet/ServletRequest;Ljakarta/servlet/ServletResponse;)V+105
j  org.springframework.security.web.session.DisableEncodeUrlFilter.doFilterInternal(Ljakarta/servlet/http/HttpServletRequest;Ljakarta/servlet/http/HttpServletResponse;Ljakarta/servlet/FilterChain;)V+10
j  org.springframework.web.filter.OncePerRequestFilter.doFilter(Ljakarta/servlet/ServletRequest;Ljakarta/servlet/ServletResponse;Ljakarta/servlet/FilterChain;)V+150
j  org.springframework.security.web.FilterChainProxy$VirtualFilterChain.doFilter(Ljakarta/servlet/ServletRequest;Ljakarta/servlet/ServletResponse;)V+105
j  org.springframework.security.web.FilterChainProxy.doFilterInternal(Ljakarta/servlet/ServletRequest;Ljakarta/servlet/ServletResponse;Ljakarta/servlet/FilterChain;)V+163
j  org.springframework.security.web.FilterChainProxy.doFilter(Ljakarta/servlet/ServletRequest;Ljakarta/servlet/ServletResponse;Ljakarta/servlet/FilterChain;)V+48
j  org.springframework.web.filter.CompositeFilter$VirtualFilterChain.doFilter(Ljakarta/servlet/ServletRequest;Ljakarta/servlet/ServletResponse;)V+63
j  org.springframework.web.servlet.handler.HandlerMappingIntrospector.lambda$createCacheFilter$3(Ljakarta/servlet/ServletRequest;Ljakarta/servlet/ServletResponse;Ljakarta/servlet/FilterChain;)V+13
j  org.springframework.web.servlet.handler.HandlerMappingIntrospector$$Lambda$1530+0x00000008019bba10.doFilter(Ljakarta/servlet/ServletRequest;Ljakarta/servlet/ServletResponse;Ljakarta/servlet/FilterChain;)V+7
j  org.springframework.web.filter.CompositeFilter$VirtualFilterChain.doFilter(Ljakarta/servlet/ServletRequest;Ljakarta/servlet/ServletResponse;)V+63
j  org.springframework.web.filter.CompositeFilter.doFilter(Ljakarta/servlet/ServletRequest;Ljakarta/servlet/ServletResponse;Ljakarta/servlet/FilterChain;)V+14
j  org.springframework.security.config.annotation.web.configuration.WebMvcSecurityConfiguration$CompositeFilterChainProxy.doFilter(Ljakarta/servlet/ServletRequest;Ljakarta/servlet/ServletResponse;Ljakarta/servlet/FilterChain;)V+7
j  org.springframework.web.filter.DelegatingFilterProxy.invokeDelegate(Ljakarta/servlet/Filter;Ljakarta/servlet/ServletRequest;Ljakarta/servlet/ServletResponse;Ljakarta/servlet/FilterChain;)V+5
j  org.springframework.web.filter.DelegatingFilterProxy.doFilter(Ljakarta/servlet/ServletRequest;Ljakarta/servlet/ServletResponse;Ljakarta/servlet/FilterChain;)V+85
j  org.apache.catalina.core.ApplicationFilterChain.internalDoFilter(Ljakarta/servlet/ServletRequest;Ljakarta/servlet/ServletResponse;)V+135
j  org.apache.catalina.core.ApplicationFilterChain.doFilter(Ljakarta/servlet/ServletRequest;Ljakarta/servlet/ServletResponse;)V+99
j  org.springframework.web.filter.RequestContextFilter.doFilterInternal(Ljakarta/servlet/http/HttpServletRequest;Ljakarta/servlet/http/HttpServletResponse;Ljakarta/servlet/FilterChain;)V+21
j  org.springframework.web.filter.OncePerRequestFilter.doFilter(Ljakarta/servlet/ServletRequest;Ljakarta/servlet/ServletResponse;Ljakarta/servlet/FilterChain;)V+150
j  org.apache.catalina.core.ApplicationFilterChain.internalDoFilter(Ljakarta/servlet/ServletRequest;Ljakarta/servlet/ServletResponse;)V+135
j  org.apache.catalina.core.ApplicationFilterChain.doFilter(Ljakarta/servlet/ServletRequest;Ljakarta/servlet/ServletResponse;)V+99
j  org.springframework.web.filter.FormContentFilter.doFilterInternal(Ljakarta/servlet/http/HttpServletRequest;Ljakarta/servlet/http/HttpServletResponse;Ljakarta/servlet/FilterChain;)V+38
j  org.springframework.web.filter.OncePerRequestFilter.doFilter(Ljakarta/servlet/ServletRequest;Ljakarta/servlet/ServletResponse;Ljakarta/servlet/FilterChain;)V+150
j  org.apache.catalina.core.ApplicationFilterChain.internalDoFilter(Ljakarta/servlet/ServletRequest;Ljakarta/servlet/ServletResponse;)V+135
j  org.apache.catalina.core.ApplicationFilterChain.doFilter(Ljakarta/servlet/ServletRequest;Ljakarta/servlet/ServletResponse;)V+99
j  org.springframework.web.filter.CharacterEncodingFilter.doFilterInternal(Ljakarta/servlet/http/HttpServletRequest;Ljakarta/servlet/http/HttpServletResponse;Ljakarta/servlet/FilterChain;)V+53
j  org.springframework.web.filter.OncePerRequestFilter.doFilter(Ljakarta/servlet/ServletRequest;Ljakarta/servlet/ServletResponse;Ljakarta/servlet/FilterChain;)V+150
j  org.apache.catalina.core.ApplicationFilterChain.internalDoFilter(Ljakarta/servlet/ServletRequest;Ljakarta/servlet/ServletResponse;)V+135
j  org.apache.catalina.core.ApplicationFilterChain.doFilter(Ljakarta/servlet/ServletRequest;Ljakarta/servlet/ServletResponse;)V+99
j  org.apache.catalina.core.StandardWrapperValve.invoke(Lorg/apache/catalina/connector/Request;Lorg/apache/catalina/connector/Response;)V+514
j  org.apache.catalina.core.StandardContextValve.invoke(Lorg/apache/catalina/connector/Request;Lorg/apache/catalina/connector/Response;)V+169
j  org.apache.catalina.authenticator.AuthenticatorBase.invoke(Lorg/apache/catalina/connector/Request;Lorg/apache/catalina/connector/Response;)V+218
j  org.apache.catalina.core.StandardHostValve.invoke(Lorg/apache/catalina/connector/Request;Lorg/apache/catalina/connector/Response;)V+131
j  org.apache.catalina.valves.ErrorReportValve.invoke(Lorg/apache/catalina/connector/Request;Lorg/apache/catalina/connector/Response;)V+6
j  org.apache.catalina.core.StandardEngineValve.invoke(Lorg/apache/catalina/connector/Request;Lorg/apache/catalina/connector/Response;)V+59
j  org.apache.catalina.connector.CoyoteAdapter.service(Lorg/apache/coyote/Request;Lorg/apache/coyote/Response;)V+188
j  org.apache.coyote.http11.Http11Processor.service(Lorg/apache/tomcat/util/net/SocketWrapperBase;)Lorg/apache/tomcat/util/net/AbstractEndpoint$Handler$SocketState;+795
j  org.apache.coyote.AbstractProcessorLight.process(Lorg/apache/tomcat/util/net/SocketWrapperBase;Lorg/apache/tomcat/util/net/SocketEvent;)Lorg/apache/tomcat/util/net/AbstractEndpoint$Handler$SocketState;+152
j  org.apache.coyote.AbstractProtocol$ConnectionHandler.process(Lorg/apache/tomcat/util/net/SocketWrapperBase;Lorg/apache/tomcat/util/net/SocketEvent;)Lorg/apache/tomcat/util/net/AbstractEndpoint$Handler$SocketState;+482
j  org.apache.tomcat.util.net.NioEndpoint$SocketProcessor.doRun()V+249
j  org.apache.tomcat.util.net.SocketProcessorBase.run()V+32
j  org.apache.tomcat.util.threads.ThreadPoolExecutor.runWorker(Lorg/apache/tomcat/util/threads/ThreadPoolExecutor$Worker;)V+92
j  org.apache.tomcat.util.threads.ThreadPoolExecutor$Worker.run()V+5
j  org.apache.tomcat.util.threads.TaskThread$WrappingRunnable.run()V+4
j  java.lang.Thread.run()V+13 java.base@19.0.2
v  ~StubRoutines::call_stub 0x0000025d9f5c100e

siginfo: EXCEPTION_ACCESS_VIOLATION (0xc0000005), reading address 0x00000260df583ee0


Registers:
RAX=0x0000025da3ea0000, RBX=0x0000025d976d5cd0, RCX=0x0000000000000030, RDX=0x00000019db71f730
RSP=0x000000d5da6fe3e0, RBP=0x000000d5da6fe550, RSI=0x0000025db3700bc0, RDI=0x000000d5dd8fb980
R8 =0x00000260df583ee0, R9 =0x0000000800733b50, R10=0x0000025d9f5c0000, R11=0x000000d5da6fe5d8
R12=0x0000000000000000, R13=0x00000000000003d8, R14=0x0000000000000001, R15=0x0000025d9767cd90
RIP=0x00007ffc78863361, EFLAGS=0x0000000000010203


Register to memory mapping:

RIP=0x00007ffc78863361 jvm.dll
RAX=0x0000025da3ea0000 points into unknown readable memory: 0x0000000000000001 | 01 00 00 00 00 00 00 00
RBX=0x0000025d976d5cd0 points into unknown readable memory: 0x00007ffc78eb0c90 | 90 0c eb 78 fc 7f 00 00
RCX=0x0000000000000030 is an unknown value
RDX=0x00000019db71f730 is an unknown value
RSP=0x000000d5da6fe3e0 points into unknown readable memory: 0x0000000000000002 | 02 00 00 00 00 00 00 00
RBP=0x000000d5da6fe550 points into unknown readable memory: 0x000000080000f8a0 | a0 f8 00 00 08 00 00 00
RSI=0x0000025db3700bc0 points into unknown readable memory: 0x000000d5dabff340 | 40 f3 bf da d5 00 00 00
RDI=0x000000d5dd8fb980 is pointing into the stack for thread: 0x0000025db552a010
R8 =0x00000260df583ee0 is an unknown value
R9 =0x0000000800733b50 is pointing into metadata
R10=0x0000025d9f5c0000 points into unknown readable memory: 0x0000000000000006 | 06 00 00 00 00 00 00 00
R11=0x000000d5da6fe5d8 points into unknown readable memory: 0x00007ffc7883852d | 2d 85 83 78 fc 7f 00 00
R12=0x0 is NULL
R13=0x00000000000003d8 is an unknown value
R14=0x0000000000000001 is an unknown value
R15=0x0000025d9767cd90 points into unknown readable memory: 0x0000000000000002 | 02 00 00 00 00 00 00 00


Top of Stack: (sp=0x000000d5da6fe3e0)
0x000000d5da6fe3e0:   0000000000000002 00007ffc78c86a0e
0x000000d5da6fe3f0:   0000000000000000 000000d5da6fe730
0x000000d5da6fe400:   0000000000000004 00007ffc78bfd209
0x000000d5da6fe410:   0000025db3700bc0 00007ffc78863252
0x000000d5da6fe420:   000000d5dd8fb980 000000d5da6fe730
0x000000d5da6fe430:   0000000800470090 0000000000000000
0x000000d5da6fe440:   0000000000000003 00007ffc78838aed
0x000000d5da6fe450:   0000025db3701170 0000000000000003
0x000000d5da6fe460:   0000025db3701170 000000d5da6fe730
0x000000d5da6fe470:   0000000a03221b01 00000008000d8108
0x000000d5da6fe480:   0000025d976d5790 000000080052e8f8
0x000000d5da6fe490:   0000025d9767bbc0 00000000000003d8
0x000000d5da6fe4a0:   0000025d9767bbd0 0000025d9767bfa8
0x000000d5da6fe4b0:   0000000800737482 00007ffc000000b8
0x000000d5da6fe4c0:   00000008000d8108 00007ffc78eade70
0x000000d5da6fe4d0:   000000d5da6fe730 0000025db3701170 

Instructions: (pc=0x00007ffc78863361)
0x00007ffc78863261:   00 48 8b 7c 24 30 48 83 c4 20 5b c3 cc cc cc 40
0x00007ffc78863271:   57 48 83 ec 20 8b 02 48 8b f9 85 c0 74 3b 8b 0d
0x00007ffc78863281:   eb 15 81 00 48 8b 7f 10 48 89 5c 24 30 8b d8 48
0x00007ffc78863291:   d3 e3 48 8b cf 48 03 1d cb 15 81 00 48 8b d3 e8
0x00007ffc788632a1:   5b 00 00 00 84 c0 74 0c 48 8d 4f 18 48 8b d3 e8
0x00007ffc788632b1:   fb 08 00 00 48 8b 5c 24 30 48 83 c4 20 5f c3 e9
0x00007ffc788632c1:   4b 59 00 00 cc cc cc cc cc cc cc cc cc cc cc e9
0x00007ffc788632d1:   ab 5c 00 00 cc cc cc cc cc cc cc cc cc cc cc 48
0x00007ffc788632e1:   8b 01 48 8b 80 80 05 00 00 48 8b 80 98 00 00 00
0x00007ffc788632f1:   c3 cc cc cc cc cc cc cc cc cc cc cc cc cc cc 48
0x00007ffc78863301:   89 5c 24 08 48 89 74 24 10 57 48 83 ec 30 48 8b
0x00007ffc78863311:   01 48 8b f1 4c 8b c2 48 8b fa 8b 88 10 03 00 00
0x00007ffc78863321:   48 8b 80 00 03 00 00 49 d3 e8 41 80 3c 00 02 74
0x00007ffc78863331:   60 48 8b 5e 10 48 8b cb 48 8b 03 ff 10 8b 4b 18
0x00007ffc78863341:   48 8b d7 48 2b 53 08 48 8b 43 20 48 c1 ea 03 48
0x00007ffc78863351:   d3 ea 48 8b ca 48 c1 e9 06 4c 8d 04 c8 0f b6 ca
0x00007ffc78863361:   49 8b 00 80 e1 3f ba 01 00 00 00 48 d3 e2 48 8b
0x00007ffc78863371:   c8 48 0b ca 48 3b c8 74 18 66 0f 1f 44 00 00 f0
0x00007ffc78863381:   49 0f b1 08 74 1d 48 8b c8 48 0b ca 48 3b c8 75
0x00007ffc78863391:   ee 32 c0 48 8b 5c 24 40 48 8b 74 24 48 48 83 c4
0x00007ffc788633a1:   30 5f c3 48 8b 06 48 8b d7 8b 88 10 03 00 00 48
0x00007ffc788633b1:   8b 80 00 03 00 00 48 d3 ea 80 3c 02 00 75 5d 48
0x00007ffc788633c1:   8b 07 48 8b 9e a8 05 00 00 0f b6 c8 80 e1 03 80
0x00007ffc788633d1:   f9 01 75 0f 48 b9 00 ff ff ff 7f 00 00 00 48 85
0x00007ffc788633e1:   c1 74 39 48 8b 53 20 48 89 7c 24 20 48 89 44 24
0x00007ffc788633f1:   28 48 3b 53 08 75 0a 48 8b cb e8 50 83 f4 ff 33
0x00007ffc78863401:   d2 48 8b 43 38 48 8b ca 0f 28 44 24 20 48 03 c9
0x00007ffc78863411:   0f 11 04 c8 48 8d 42 01 48 89 43 20 80 3d 0d 39
0x00007ffc78863421:   8b 00 00 74 4b 48 85 ff 74 46 80 3d 15 4e 89 00
0x00007ffc78863431:   00 74 15 8b 47 08 8b 0d 43 14 81 00 48 d3 e0 48
0x00007ffc78863441:   03 05 31 14 81 00 eb 04 48 8b 47 08 48 3b 05 44
0x00007ffc78863451:   09 8d 00 75 1b 48 8b cf e8 c2 af 02 00 84 c0 74 


Stack slot to memory mapping:
stack at sp + 0 slots: 0x0000000000000002 is an unknown value
stack at sp + 1 slots: 0x00007ffc78c86a0e jvm.dll
stack at sp + 2 slots: 0x0 is NULL
stack at sp + 3 slots: 0x000000d5da6fe730 points into unknown readable memory: 0x000000d5dd8fb978 | 78 b9 8f dd d5 00 00 00
stack at sp + 4 slots: 0x0000000000000004 is an unknown value
stack at sp + 5 slots: 0x00007ffc78bfd209 jvm.dll
stack at sp + 6 slots: 0x0000025db3700bc0 points into unknown readable memory: 0x000000d5dabff340 | 40 f3 bf da d5 00 00 00
stack at sp + 7 slots: 0x00007ffc78863252 jvm.dll


---------------  P R O C E S S  ---------------

Threads class SMR info:
_java_thread_list=0x0000025db63c8840, length=26, elements={
0x0000025dae870980, 0x0000025dae871570, 0x0000025dae8772b0, 0x0000025dae877be0,
0x0000025dae878510, 0x0000025dae879450, 0x0000025dae886960, 0x0000025dae8a7b00,
0x0000025db2ce82d0, 0x0000025db2d610f0, 0x0000025db2d61c70, 0x0000025db2d621c0,
0x0000025db3560fe0, 0x0000025db3743430, 0x0000025db3696800, 0x0000025db2d6b2e0,
0x0000025db3d9fd20, 0x0000025db3d9c800, 0x0000025db3d9dd40, 0x0000025db3d9ed30,
0x0000025db55255b0, 0x0000025db5528030, 0x0000025db5525b00, 0x0000025db5526af0,
0x0000025db552a010, 0x0000025db5528580
}

Java Threads: ( => current thread )
  0x0000025dae870980 JavaThread "Reference Handler" daemon [_thread_blocked, id=3208, stack(0x000000d5dac00000,0x000000d5dad00000)]
  0x0000025dae871570 JavaThread "Finalizer" daemon [_thread_blocked, id=9732, stack(0x000000d5dad00000,0x000000d5dae00000)]
  0x0000025dae8772b0 JavaThread "Signal Dispatcher" daemon [_thread_blocked, id=19392, stack(0x000000d5dae00000,0x000000d5daf00000)]
  0x0000025dae877be0 JavaThread "Attach Listener" daemon [_thread_blocked, id=6904, stack(0x000000d5daf00000,0x000000d5db000000)]
  0x0000025dae878510 JavaThread "Service Thread" daemon [_thread_blocked, id=15988, stack(0x000000d5db000000,0x000000d5db100000)]
  0x0000025dae879450 JavaThread "Monitor Deflation Thread" daemon [_thread_blocked, id=11788, stack(0x000000d5db100000,0x000000d5db200000)]
  0x0000025dae886960 JavaThread "C1 CompilerThread0" daemon [_thread_blocked, id=2672, stack(0x000000d5db200000,0x000000d5db300000)]
  0x0000025dae8a7b00 JavaThread "Sweeper thread" daemon [_thread_blocked, id=6188, stack(0x000000d5db300000,0x000000d5db400000)]
  0x0000025db2ce82d0 JavaThread "Common-Cleaner" daemon [_thread_blocked, id=15540, stack(0x000000d5db400000,0x000000d5db500000)]
  0x0000025db2d610f0 JavaThread "JDWP Transport Listener: dt_socket" daemon [_thread_blocked, id=16956, stack(0x000000d5db700000,0x000000d5db800000)]
  0x0000025db2d61c70 JavaThread "JDWP Event Helper Thread" daemon [_thread_blocked, id=6636, stack(0x000000d5db800000,0x000000d5db900000)]
  0x0000025db2d621c0 JavaThread "JDWP Command Reader" daemon [_thread_blocked, id=8776, stack(0x000000d5db900000,0x000000d5dba00000)]
  0x0000025db3560fe0 JavaThread "Notification Thread" daemon [_thread_blocked, id=9824, stack(0x000000d5dba00000,0x000000d5dbb00000)]
  0x0000025db3743430 JavaThread "RMI TCP Accept-0" daemon [_thread_in_native, id=10552, stack(0x000000d5dbc00000,0x000000d5dbd00000)]
  0x0000025db3696800 JavaThread "RMI TCP Accept-60117" daemon [_thread_in_native, id=9272, stack(0x000000d5dc400000,0x000000d5dc500000)]
  0x0000025db2d6b2e0 JavaThread "RMI TCP Accept-0" daemon [_thread_in_native, id=7400, stack(0x000000d5dc500000,0x000000d5dc600000)]
  0x0000025db3d9fd20 JavaThread "RMI Scheduler(0)" daemon [_thread_blocked, id=19448, stack(0x000000d5dca00000,0x000000d5dcb00000)]
  0x0000025db3d9c800 JavaThread "RMI TCP Connection(21)-127.0.0.1" daemon [_thread_in_native, id=19240, stack(0x000000d5dcb00000,0x000000d5dcc00000)]
  0x0000025db3d9dd40 JavaThread "JMX server connection timeout 42" daemon [_thread_blocked, id=2444, stack(0x000000d5dcc00000,0x000000d5dcd00000)]
  0x0000025db3d9ed30 JavaThread "mysql-cj-abandoned-connection-cleanup" daemon [_thread_blocked, id=16992, stack(0x000000d5dd100000,0x000000d5dd200000)]
  0x0000025db55255b0 JavaThread "Live Reload Server" daemon [_thread_in_native, id=17720, stack(0x000000d5dd700000,0x000000d5dd800000)]
  0x0000025db5528030 JavaThread "DestroyJavaVM" [_thread_blocked, id=12692, stack(0x000000d5da500000,0x000000d5da600000)]
  0x0000025db5525b00 JavaThread "Catalina-utility-1" [_thread_blocked, id=7468, stack(0x000000d5dc900000,0x000000d5dca00000)]
  0x0000025db5526af0 JavaThread "Catalina-utility-2" [_thread_blocked, id=6988, stack(0x000000d5dce00000,0x000000d5dcf00000)]
  0x0000025db552a010 JavaThread "http-nio-8099-exec-5" daemon [_thread_blocked, id=1212, stack(0x000000d5dd800000,0x000000d5dd900000)]
  0x0000025db5528580 JavaThread "Thread-23" [_thread_blocked, id=3160, stack(0x000000d5da200000,0x000000d5da300000)]

Other Threads:
  0x0000025dae853170 VMThread "VM Thread" [stack: 0x000000d5dab00000,0x000000d5dac00000] [id=1512]
  0x0000025db37ad6a0 WatcherThread "VM Periodic Task Thread" [stack: 0x000000d5dc600000,0x000000d5dc700000] [id=15504]
=>0x0000025d976d5790 WorkerThread "GC Thread#0" [stack: 0x000000d5da600000,0x000000d5da700000] [id=11720]
  0x0000025db3762c80 WorkerThread "GC Thread#1" [stack: 0x000000d5dbd00000,0x000000d5dbe00000] [id=19172]
  0x0000025db3731560 WorkerThread "GC Thread#2" [stack: 0x000000d5dbe00000,0x000000d5dbf00000] [id=15432]
  0x0000025db3731830 WorkerThread "GC Thread#3" [stack: 0x000000d5dbf00000,0x000000d5dc000000] [id=16876]
  0x0000025db37968c0 WorkerThread "GC Thread#4" [stack: 0x000000d5dc000000,0x000000d5dc100000] [id=19212]
  0x0000025db3796b90 WorkerThread "GC Thread#5" [stack: 0x000000d5dc100000,0x000000d5dc200000] [id=15604]
  0x0000025db37d4480 WorkerThread "GC Thread#6" [stack: 0x000000d5dc200000,0x000000d5dc300000] [id=8296]
  0x0000025db37d4a20 WorkerThread "GC Thread#7" [stack: 0x000000d5dc300000,0x000000d5dc400000] [id=16844]
  0x0000025d976e8d50 ConcurrentGCThread "G1 Main Marker" [stack: 0x000000d5da700000,0x000000d5da800000] [id=12552]
  0x0000025d976e9690 WorkerThread "G1 Conc#0" [stack: 0x000000d5da800000,0x000000d5da900000] [id=11548]
  0x0000025db37d5560 WorkerThread "G1 Conc#1" [stack: 0x000000d5dcd00000,0x000000d5dce00000] [id=6060]
  0x0000025d9771eae0 ConcurrentGCThread "G1 Refine#0" [stack: 0x000000d5da900000,0x000000d5daa00000] [id=1644]
  0x0000025dae7116f0 ConcurrentGCThread "G1 Service" [stack: 0x000000d5daa00000,0x000000d5dab00000] [id=10360]

Threads with active compile tasks:
C1 CompilerThread0  1152348 12489       1       java.lang.StackTraceElement::toString (322 bytes)

VM state: at safepoint (normal execution)

VM Mutex/Monitor currently owned by a thread:  ([mutex/lock_event])
[0x0000025d97663520] Threads_lock - owner thread: 0x0000025dae853170
[0x0000025d97663640] Heap_lock - owner thread: 0x0000025db5528580

Heap address: 0x0000000702000000, size: 4064 MB, Compressed Oops mode: Zero based, Oop shift amount: 3

CDS archive(s) mapped at: [0x0000000800000000-0x0000000800c40000-0x0000000800c40000), size 12845056, SharedBaseAddress: 0x0000000800000000, ArchiveRelocationMode: 0.
Compressed class space mapped at: 0x0000000801000000-0x0000000841000000, reserved size: 1073741824
Narrow klass base: 0x0000000800000000, Narrow klass shift: 0, Narrow klass range: 0x100000000

GC Precious Log:
 CardTable entry size: 512
 Card Set container configuration: InlinePtr #cards 4 size 8 Array Of Cards #cards 16 size 48 Howl #buckets 8 coarsen threshold 3686 Howl Bitmap #cards 512 size 80 coarsen threshold 460 Card regions per heap region 1 cards per card region 4096
 CPUs: 8 total, 8 available
 Memory: 16255M
 Large Page Support: Disabled
 NUMA Support: Disabled
 Compressed Oops: Enabled (Zero based)
 Heap Region Size: 2M
 Heap Min Capacity: 8M
 Heap Initial Capacity: 254M
 Heap Max Capacity: 4064M
 Pre-touch: Disabled
 Parallel Workers: 8
 Concurrent Workers: 2
 Concurrent Refinement Workers: 8
 Periodic GC: Disabled

Heap:
 garbage-first heap   total 110592K, used 46939K [0x0000000702000000, 0x0000000800000000)
  region size 2048K, 5 young (10240K), 2 survivors (4096K)
 Metaspace       used 81771K, committed 82432K, reserved 1179648K
  class space    used 11137K, committed 11392K, reserved 1048576K

Heap Regions: E=young(eden), S=young(survivor), O=old, HS=humongous(starts), HC=humongous(continues), CS=collection set, F=free, OA=open archive, CA=closed archive, TAMS=top-at-mark-start (previous, next)
|   0|0x0000000702000000, 0x0000000702200000, 0x0000000702200000|100%| O|  |TAMS 0x0000000702200000, 0x0000000702000000| Untracked 
|   1|0x0000000702200000, 0x00000007023fffc8, 0x0000000702400000| 99%| O|  |TAMS 0x00000007023fffc8, 0x0000000702200000| Untracked 
|   2|0x0000000702400000, 0x0000000702600000, 0x0000000702600000|100%| O|  |TAMS 0x0000000702600000, 0x0000000702400000| Untracked 
|   3|0x0000000702600000, 0x00000007027ffff0, 0x0000000702800000| 99%| O|  |TAMS 0x00000007027ffff0, 0x0000000702600000| Untracked 
|   4|0x0000000702800000, 0x00000007029ffff0, 0x0000000702a00000| 99%| O|  |TAMS 0x00000007029ffff0, 0x0000000702800000| Untracked 
|   5|0x0000000702a00000, 0x0000000702c00000, 0x0000000702c00000|100%| O|  |TAMS 0x0000000702c00000, 0x0000000702a00000| Untracked 
|   6|0x0000000702c00000, 0x0000000702dffff8, 0x0000000702e00000| 99%| O|  |TAMS 0x0000000702dffff8, 0x0000000702c00000| Untracked 
|   7|0x0000000702e00000, 0x0000000702ffffd0, 0x0000000703000000| 99%| O|  |TAMS 0x0000000702ffffd0, 0x0000000702e00000| Untracked 
|   8|0x0000000703000000, 0x00000007031ffff8, 0x0000000703200000| 99%| O|  |TAMS 0x00000007031ffff8, 0x0000000703000000| Untracked 
|   9|0x0000000703200000, 0x00000007033ffff8, 0x0000000703400000| 99%| O|  |TAMS 0x00000007033ffff8, 0x0000000703200000| Untracked 
|  10|0x0000000703400000, 0x00000007035ffff8, 0x0000000703600000| 99%| O|  |TAMS 0x00000007035ffff8, 0x0000000703400000| Untracked 
|  11|0x0000000703600000, 0x00000007037ffff8, 0x0000000703800000| 99%| O|  |TAMS 0x00000007037ffff8, 0x0000000703600000| Untracked 
|  12|0x0000000703800000, 0x00000007039a68f0, 0x0000000703a00000| 82%| O|  |TAMS 0x0000000703800000, 0x0000000703800000| Untracked 
|  13|0x0000000703a00000, 0x0000000703bac320, 0x0000000703c00000| 83%| O|  |TAMS 0x0000000703a00000, 0x0000000703a00000| Untracked 
|  14|0x0000000703c00000, 0x0000000703dfacd0, 0x0000000703e00000| 98%| O|  |TAMS 0x0000000703c00000, 0x0000000703c00000| Untracked 
|  15|0x0000000703e00000, 0x0000000703fa8f00, 0x0000000704000000| 82%| O|  |TAMS 0x0000000703e00000, 0x0000000703e00000| Untracked 
|  16|0x0000000704000000, 0x0000000704200000, 0x0000000704200000|100%| O|  |TAMS 0x0000000704000000, 0x0000000704000000| Untracked 
|  17|0x0000000704200000, 0x0000000704400000, 0x0000000704400000|100%| O|  |TAMS 0x0000000704200000, 0x0000000704200000| Untracked 
|  18|0x0000000704400000, 0x0000000704600000, 0x0000000704600000|100%| O|  |TAMS 0x0000000704400000, 0x0000000704400000| Untracked 
|  19|0x0000000704600000, 0x0000000704697000, 0x0000000704800000| 29%| O|  |TAMS 0x0000000704600000, 0x0000000704600000| Untracked 
|  20|0x0000000704800000, 0x0000000704800000, 0x0000000704a00000|  0%| F|  |TAMS 0x0000000704800000, 0x0000000704800000| Untracked 
|  21|0x0000000704a00000, 0x0000000704a00000, 0x0000000704c00000|  0%| F|  |TAMS 0x0000000704a00000, 0x0000000704a00000| Untracked 
|  22|0x0000000704c00000, 0x0000000704c00000, 0x0000000704e00000|  0%| F|  |TAMS 0x0000000704c00000, 0x0000000704c00000| Untracked 
|  23|0x0000000704e00000, 0x0000000704e00000, 0x0000000705000000|  0%| F|  |TAMS 0x0000000704e00000, 0x0000000704e00000| Untracked 
|  24|0x0000000705000000, 0x0000000705000000, 0x0000000705200000|  0%| F|  |TAMS 0x0000000705000000, 0x0000000705000000| Untracked 
|  25|0x0000000705200000, 0x0000000705200000, 0x0000000705400000|  0%| F|  |TAMS 0x0000000705200000, 0x0000000705200000| Untracked 
|  26|0x0000000705400000, 0x0000000705400000, 0x0000000705600000|  0%| F|  |TAMS 0x0000000705400000, 0x0000000705400000| Untracked 
|  27|0x0000000705600000, 0x0000000705600000, 0x0000000705800000|  0%| F|  |TAMS 0x0000000705600000, 0x0000000705600000| Untracked 
|  28|0x0000000705800000, 0x00000007059b2030, 0x0000000705a00000| 84%| S|  |TAMS 0x0000000705800000, 0x0000000705800000| Complete 
|  29|0x0000000705a00000, 0x0000000705a00000, 0x0000000705c00000|  0%| F|  |TAMS 0x0000000705a00000, 0x0000000705a00000| Untracked 
|  30|0x0000000705c00000, 0x0000000705e00000, 0x0000000705e00000|100%| S|  |TAMS 0x0000000705c00000, 0x0000000705c00000| Complete 
|  31|0x0000000705e00000, 0x0000000705e00000, 0x0000000706000000|  0%| F|  |TAMS 0x0000000705e00000, 0x0000000705e00000| Untracked 
|  32|0x0000000706000000, 0x0000000706000000, 0x0000000706200000|  0%| F|  |TAMS 0x0000000706000000, 0x0000000706000000| Untracked 
|  33|0x0000000706200000, 0x0000000706200000, 0x0000000706400000|  0%| F|  |TAMS 0x0000000706200000, 0x0000000706200000| Untracked 
|  34|0x0000000706400000, 0x0000000706400000, 0x0000000706600000|  0%| F|  |TAMS 0x0000000706400000, 0x0000000706400000| Untracked 
|  35|0x0000000706600000, 0x0000000706600000, 0x0000000706800000|  0%| F|  |TAMS 0x0000000706600000, 0x0000000706600000| Untracked 
|  36|0x0000000706800000, 0x0000000706800000, 0x0000000706a00000|  0%| F|  |TAMS 0x0000000706800000, 0x0000000706800000| Untracked 
|  37|0x0000000706a00000, 0x0000000706a00000, 0x0000000706c00000|  0%| F|  |TAMS 0x0000000706a00000, 0x0000000706a00000| Untracked 
|  38|0x0000000706c00000, 0x0000000706c00000, 0x0000000706e00000|  0%| F|  |TAMS 0x0000000706c00000, 0x0000000706c00000| Untracked 
|  39|0x0000000706e00000, 0x0000000706e00000, 0x0000000707000000|  0%| F|  |TAMS 0x0000000706e00000, 0x0000000706e00000| Untracked 
|  40|0x0000000707000000, 0x0000000707000000, 0x0000000707200000|  0%| F|  |TAMS 0x0000000707000000, 0x0000000707000000| Untracked 
|  41|0x0000000707200000, 0x0000000707200000, 0x0000000707400000|  0%| F|  |TAMS 0x0000000707200000, 0x0000000707200000| Untracked 
|  42|0x0000000707400000, 0x0000000707400000, 0x0000000707600000|  0%| F|  |TAMS 0x0000000707400000, 0x0000000707400000| Untracked 
|  43|0x0000000707600000, 0x0000000707600000, 0x0000000707800000|  0%| F|  |TAMS 0x0000000707600000, 0x0000000707600000| Untracked 
|  44|0x0000000707800000, 0x0000000707800000, 0x0000000707a00000|  0%| F|  |TAMS 0x0000000707800000, 0x0000000707800000| Untracked 
|  45|0x0000000707a00000, 0x0000000707a00000, 0x0000000707c00000|  0%| F|  |TAMS 0x0000000707a00000, 0x0000000707a00000| Untracked 
|  46|0x0000000707c00000, 0x0000000707c00000, 0x0000000707e00000|  0%| F|  |TAMS 0x0000000707c00000, 0x0000000707c00000| Untracked 
|  47|0x0000000707e00000, 0x0000000707e00000, 0x0000000708000000|  0%| F|  |TAMS 0x0000000707e00000, 0x0000000707e00000| Untracked 
|  48|0x0000000708000000, 0x0000000708000000, 0x0000000708200000|  0%| F|  |TAMS 0x0000000708000000, 0x0000000708000000| Untracked 
|  49|0x0000000708200000, 0x0000000708200000, 0x0000000708400000|  0%| F|  |TAMS 0x0000000708200000, 0x0000000708200000| Untracked 
|  50|0x0000000708400000, 0x0000000708400000, 0x0000000708600000|  0%| F|  |TAMS 0x0000000708400000, 0x0000000708400000| Untracked 
|  51|0x0000000708600000, 0x0000000708697530, 0x0000000708800000| 29%| E|  |TAMS 0x0000000708600000, 0x0000000708600000| Complete 
|  52|0x0000000708800000, 0x0000000708a00000, 0x0000000708a00000|100%| E|  |TAMS 0x0000000708800000, 0x0000000708800000| Complete 
|  53|0x0000000708a00000, 0x0000000708c00000, 0x0000000708c00000|100%| E|  |TAMS 0x0000000708a00000, 0x0000000708a00000| Complete 

Card table byte_map: [0x0000025da2ec0000,0x0000025da36b0000] _byte_map_base: 0x0000025d9f6b0000

Marking Bits (Prev, Next): (CMBitMap*) 0x0000025d976d5d10, (CMBitMap*) 0x0000025d976d5cd0
 Prev Bits: [0x0000025da7e20000, 0x0000025dabda0000)
 Next Bits: [0x0000025da3ea0000, 0x0000025da7e20000)

Polling page: 0x0000025d96e20000

Metaspace:

Usage:
  Non-class:     68.98 MB used.
      Class:     10.88 MB used.
       Both:     79.86 MB used.

Virtual space:
  Non-class space:      128.00 MB reserved,      69.38 MB ( 54%) committed,  2 nodes.
      Class space:        1.00 GB reserved,      11.12 MB (  1%) committed,  1 nodes.
             Both:        1.12 GB reserved,      80.50 MB (  7%) committed. 

Chunk freelists:
   Non-Class:  2.21 MB
       Class:  836.00 KB
        Both:  3.03 MB

MaxMetaspaceSize: unlimited
CompressedClassSpaceSize: 1.00 GB
Initial GC threshold: 21.00 MB
Current GC threshold: 129.31 MB
CDS: on
MetaspaceReclaimPolicy: balanced
 - commit_granule_bytes: 65536.
 - commit_granule_words: 8192.
 - virtual_space_node_default_size: 8388608.
 - enlarge_chunks_in_place: 1.
 - new_chunks_are_fully_committed: 0.
 - uncommit_free_chunks: 1.
 - use_allocation_guard: 0.


Internal statistics:

num_allocs_failed_limit: 9.
num_arena_births: 1302.
num_arena_deaths: 430.
num_vsnodes_births: 3.
num_vsnodes_deaths: 0.
num_space_committed: 1288.
num_space_uncommitted: 0.
num_chunks_returned_to_freelist: 457.
num_chunks_taken_from_freelist: 4474.
num_chunk_merges: 125.
num_chunk_splits: 3093.
num_chunks_enlarged: 2490.
num_inconsistent_stats: 0.

CodeCache: size=49152Kb used=22801Kb max_used=24383Kb free=26350Kb
 bounds [0x0000025d9f5c0000, 0x0000025da0e00000, 0x0000025da25c0000]
 total_blobs=13203 nmethods=12487 adapters=640
 compilation: enabled
              stopped_count=0, restarted_count=0
 full_count=0

Compilation events (20 events):
Event: 1145.049 Thread 0x0000025dae886960 nmethod 12481 0x0000025da09f8190 code [0x0000025da09f8340, 0x0000025da09f84e8]
Event: 1145.049 Thread 0x0000025dae886960 12479       1       java.net.InetAddress::<init> (21 bytes)
Event: 1145.050 Thread 0x0000025dae886960 nmethod 12479 0x0000025da09f7d90 code [0x0000025da09f7f20, 0x0000025da09f80d8]
Event: 1145.050 Thread 0x0000025dae886960 12480       1       java.net.InetAddress$InetAddressHolder::<init> (5 bytes)
Event: 1145.050 Thread 0x0000025dae886960 nmethod 12480 0x0000025da09f7a90 code [0x0000025da09f7c20, 0x0000025da09f7cd8]
Event: 1145.050 Thread 0x0000025dae886960 12482       1       java.net.InetAddress$InetAddressHolder::getHostName (5 bytes)
Event: 1145.050 Thread 0x0000025dae886960 nmethod 12482 0x0000025da09f7790 code [0x0000025da09f7920, 0x0000025da09f79f8]
Event: 1145.052 Thread 0x0000025dae886960 12483       1       java.lang.Thread::threadContainer (5 bytes)
Event: 1145.053 Thread 0x0000025dae886960 nmethod 12483 0x0000025da09f7490 code [0x0000025da09f7620, 0x0000025da09f76f8]
Event: 1150.055 Thread 0x0000025dae886960 12484       1       jdk.internal.logger.LazyLoggers$LazyLoggerWrapper::wrapped (10 bytes)
Event: 1150.056 Thread 0x0000025dae886960 nmethod 12484 0x0000025da09f7090 code [0x0000025da09f7240, 0x0000025da09f7368]
Event: 1150.056 Thread 0x0000025dae886960 12485   !   1       jdk.internal.logger.LazyLoggers$LazyLoggerAccessor::wrapped (37 bytes)
Event: 1150.056 Thread 0x0000025dae886960 nmethod 12485 0x0000025da09f6b90 code [0x0000025da09f6d40, 0x0000025da09f6fc8]
Event: 1150.056 Thread 0x0000025dae886960 12486       1       jdk.internal.logger.AbstractLoggerWrapper::isLoggable (11 bytes)
Event: 1150.057 Thread 0x0000025dae886960 nmethod 12486 0x0000025da09f6810 code [0x0000025da09f69c0, 0x0000025da09f6ad8]
Event: 1150.063 Thread 0x0000025dae886960 12487       1       com.mysql.cj.protocol.ExportControlled::isSSLEstablished (18 bytes)
Event: 1150.064 Thread 0x0000025dae886960 nmethod 12487 0x0000025da09f6490 code [0x0000025da09f6640, 0x0000025da09f6748]
Event: 1150.064 Thread 0x0000025dae886960 12488  s!   1       java.net.Socket::close (47 bytes)
Event: 1150.065 Thread 0x0000025dae886960 nmethod 12488 0x0000025da09f5d90 code [0x0000025da09f5f60, 0x0000025da09f62d8]
Event: 1152.186 Thread 0x0000025dae886960 12489       1       java.lang.StackTraceElement::toString (322 bytes)

GC Heap History (20 events):
Event: 230.327 GC heap after
{Heap after GC invocations=38 (full 4):
 garbage-first heap   total 116736K, used 35682K [0x0000000702000000, 0x0000000800000000)
  region size 2048K, 3 young (6144K), 3 survivors (6144K)
 Metaspace       used 77897K, committed 78592K, reserved 1179648K
  class space    used 10670K, committed 11008K, reserved 1048576K
}
Event: 230.840 GC heap before
{Heap before GC invocations=38 (full 4):
 garbage-first heap   total 116736K, used 88930K [0x0000000702000000, 0x0000000800000000)
  region size 2048K, 29 young (59392K), 3 survivors (6144K)
 Metaspace       used 78257K, committed 78912K, reserved 1179648K
  class space    used 10708K, committed 11008K, reserved 1048576K
}
Event: 230.844 GC heap after
{Heap after GC invocations=39 (full 4):
 garbage-first heap   total 116736K, used 38297K [0x0000000702000000, 0x0000000800000000)
  region size 2048K, 2 young (4096K), 2 survivors (4096K)
 Metaspace       used 78257K, committed 78912K, reserved 1179648K
  class space    used 10708K, committed 11008K, reserved 1048576K
}
Event: 231.178 GC heap before
{Heap before GC invocations=39 (full 4):
 garbage-first heap   total 116736K, used 89497K [0x0000000702000000, 0x0000000800000000)
  region size 2048K, 27 young (55296K), 2 survivors (4096K)
 Metaspace       used 78379K, committed 79040K, reserved 1179648K
  class space    used 10715K, committed 11008K, reserved 1048576K
}
Event: 231.181 GC heap after
{Heap after GC invocations=40 (full 4):
 garbage-first heap   total 116736K, used 39895K [0x0000000702000000, 0x0000000800000000)
  region size 2048K, 3 young (6144K), 3 survivors (6144K)
 Metaspace       used 78379K, committed 79040K, reserved 1179648K
  class space    used 10715K, committed 11008K, reserved 1048576K
}
Event: 277.586 GC heap before
{Heap before GC invocations=40 (full 4):
 garbage-first heap   total 116736K, used 70615K [0x0000000702000000, 0x0000000800000000)
  region size 2048K, 19 young (38912K), 3 survivors (6144K)
 Metaspace       used 78740K, committed 79424K, reserved 1179648K
  class space    used 10740K, committed 11072K, reserved 1048576K
}
Event: 277.635 GC heap after
{Heap after GC invocations=41 (full 5):
 garbage-first heap   total 110592K, used 31705K [0x0000000702000000, 0x0000000800000000)
  region size 2048K, 0 young (0K), 0 survivors (0K)
 Metaspace       used 78738K, committed 79424K, reserved 1179648K
  class space    used 10740K, committed 11072K, reserved 1048576K
}
Event: 278.277 GC heap before
{Heap before GC invocations=41 (full 5):
 garbage-first heap   total 110592K, used 87001K [0x0000000702000000, 0x0000000800000000)
  region size 2048K, 28 young (57344K), 0 survivors (0K)
 Metaspace       used 79044K, committed 79680K, reserved 1179648K
  class space    used 10782K, committed 11072K, reserved 1048576K
}
Event: 278.280 GC heap after
{Heap after GC invocations=42 (full 5):
 garbage-first heap   total 110592K, used 36063K [0x0000000702000000, 0x0000000800000000)
  region size 2048K, 3 young (6144K), 3 survivors (6144K)
 Metaspace       used 79044K, committed 79680K, reserved 1179648K
  class space    used 10782K, committed 11072K, reserved 1048576K
}
Event: 278.791 GC heap before
{Heap before GC invocations=42 (full 5):
 garbage-first heap   total 110592K, used 87263K [0x0000000702000000, 0x0000000800000000)
  region size 2048K, 28 young (57344K), 3 survivors (6144K)
 Metaspace       used 79367K, committed 79936K, reserved 1179648K
  class space    used 10812K, committed 11072K, reserved 1048576K
}
Event: 278.795 GC heap after
{Heap after GC invocations=43 (full 5):
 garbage-first heap   total 110592K, used 38544K [0x0000000702000000, 0x0000000800000000)
  region size 2048K, 4 young (8192K), 4 survivors (8192K)
 Metaspace       used 79367K, committed 79936K, reserved 1179648K
  class space    used 10812K, committed 11072K, reserved 1048576K
}
Event: 279.126 GC heap before
{Heap before GC invocations=43 (full 5):
 garbage-first heap   total 110592K, used 87696K [0x0000000702000000, 0x0000000800000000)
  region size 2048K, 28 young (57344K), 4 survivors (8192K)
 Metaspace       used 79492K, committed 80064K, reserved 1179648K
  class space    used 10820K, committed 11072K, reserved 1048576K
}
Event: 279.131 GC heap after
{Heap after GC invocations=44 (full 5):
 garbage-first heap   total 110592K, used 40550K [0x0000000702000000, 0x0000000800000000)
  region size 2048K, 3 young (6144K), 3 survivors (6144K)
 Metaspace       used 79492K, committed 80064K, reserved 1179648K
  class space    used 10820K, committed 11072K, reserved 1048576K
}
Event: 401.642 GC heap before
{Heap before GC invocations=44 (full 5):
 garbage-first heap   total 110592K, used 87654K [0x0000000702000000, 0x0000000800000000)
  region size 2048K, 26 young (53248K), 3 survivors (6144K)
 Metaspace       used 79998K, committed 80576K, reserved 1179648K
  class space    used 10880K, committed 11136K, reserved 1048576K
}
Event: 401.652 GC heap after
{Heap after GC invocations=45 (full 5):
 garbage-first heap   total 110592K, used 41442K [0x0000000702000000, 0x0000000800000000)
  region size 2048K, 2 young (4096K), 2 survivors (4096K)
 Metaspace       used 79998K, committed 80576K, reserved 1179648K
  class space    used 10880K, committed 11136K, reserved 1048576K
}
Event: 631.668 GC heap before
{Heap before GC invocations=45 (full 5):
 garbage-first heap   total 110592K, used 86498K [0x0000000702000000, 0x0000000800000000)
  region size 2048K, 25 young (51200K), 2 survivors (4096K)
 Metaspace       used 81761K, committed 82432K, reserved 1179648K
  class space    used 11135K, committed 11392K, reserved 1048576K
}
Event: 631.675 GC heap after
{Heap after GC invocations=46 (full 5):
 garbage-first heap   total 110592K, used 42461K [0x0000000702000000, 0x0000000800000000)
  region size 2048K, 2 young (4096K), 2 survivors (4096K)
 Metaspace       used 81761K, committed 82432K, reserved 1179648K
  class space    used 11135K, committed 11392K, reserved 1048576K
}
Event: 1117.432 GC heap before
{Heap before GC invocations=46 (full 5):
 garbage-first heap   total 110592K, used 89565K [0x0000000702000000, 0x0000000800000000)
  region size 2048K, 25 young (51200K), 2 survivors (4096K)
 Metaspace       used 81768K, committed 82432K, reserved 1179648K
  class space    used 11136K, committed 11392K, reserved 1048576K
}
Event: 1117.441 GC heap after
{Heap after GC invocations=47 (full 5):
 garbage-first heap   total 110592K, used 42237K [0x0000000702000000, 0x0000000800000000)
  region size 2048K, 2 young (4096K), 2 survivors (4096K)
 Metaspace       used 81768K, committed 82432K, reserved 1179648K
  class space    used 11136K, committed 11392K, reserved 1048576K
}
Event: 1152.187 GC heap before
{Heap before GC invocations=47 (full 5):
 garbage-first heap   total 110592K, used 46333K [0x0000000702000000, 0x0000000800000000)
  region size 2048K, 5 young (10240K), 2 survivors (4096K)
 Metaspace       used 81771K, committed 82432K, reserved 1179648K
  class space    used 11137K, committed 11392K, reserved 1048576K
}

Dll operation events (13 events):
Event: 0.008 Loaded shared library C:\Program Files\Java\jdk-19\bin\java.dll
Event: 0.021 Loaded shared library C:\Program Files\Java\jdk-19\bin\jsvml.dll
Event: 0.202 Loaded shared library C:\Program Files\Java\jdk-19\bin\zip.dll
Event: 0.204 Loaded shared library C:\Program Files\Java\jdk-19\bin\instrument.dll
Event: 0.209 Loaded shared library C:\Program Files\Java\jdk-19\bin\net.dll
Event: 0.210 Loaded shared library C:\Program Files\Java\jdk-19\bin\nio.dll
Event: 0.213 Loaded shared library C:\Program Files\Java\jdk-19\bin\zip.dll
Event: 0.320 Loaded shared library C:\Program Files\Java\jdk-19\bin\jimage.dll
Event: 0.361 Loaded shared library C:\Program Files\Java\jdk-19\bin\management.dll
Event: 0.369 Loaded shared library C:\Program Files\Java\jdk-19\bin\management_ext.dll
Event: 0.569 Loaded shared library C:\Program Files\Java\jdk-19\bin\extnet.dll
Event: 0.596 Loaded shared library C:\Program Files\Java\jdk-19\bin\verify.dll
Event: 1.628 Loaded shared library C:\Program Files\Java\jdk-19\bin\sunmscapi.dll

Deoptimization events (20 events):
Event: 1152.185 Thread 0x0000025db5528580 DEOPT PACKING pc=0x0000025d9fda99b4 sp=0x000000d5da2fc560
Event: 1152.185 Thread 0x0000025db5528580 DEOPT UNPACKING pc=0x0000025d9f627543 sp=0x000000d5da2fba98 mode 1
Event: 1152.185 Thread 0x0000025db5528580 DEOPT PACKING pc=0x0000025d9fdaa8fc sp=0x000000d5da2fc650
Event: 1152.185 Thread 0x0000025db5528580 DEOPT UNPACKING pc=0x0000025d9f627543 sp=0x000000d5da2fbc00 mode 1
Event: 1152.185 Thread 0x0000025db5528580 DEOPT PACKING pc=0x0000025d9fdacaac sp=0x000000d5da2fc7c0
Event: 1152.185 Thread 0x0000025db5528580 DEOPT UNPACKING pc=0x0000025d9f627543 sp=0x000000d5da2fbd70 mode 1
Event: 1152.186 Thread 0x0000025db5525b00 DEOPT PACKING pc=0x0000025d9f76d3dc sp=0x000000d5dc9fec20
Event: 1152.186 Thread 0x0000025db5525b00 DEOPT UNPACKING pc=0x0000025d9f627543 sp=0x000000d5dc9fe1b0 mode 1
Event: 1152.186 Thread 0x0000025db5524b10 DEOPT PACKING pc=0x0000025d9f794a0c sp=0x000000d5dcfff0c0
Event: 1152.187 Thread 0x0000025db5524b10 DEOPT UNPACKING pc=0x0000025d9f627543 sp=0x000000d5dcffe598 mode 1
Event: 1152.187 Thread 0x0000025db5525b00 DEOPT PACKING pc=0x0000025da0602344 sp=0x000000d5dc9fedb0
Event: 1152.187 Thread 0x0000025db5525b00 DEOPT UNPACKING pc=0x0000025d9f627543 sp=0x000000d5dc9fe308 mode 1
Event: 1152.187 Thread 0x0000025db5525b00 DEOPT PACKING pc=0x0000025da0601bdc sp=0x000000d5dc9feee0
Event: 1152.187 Thread 0x0000025db5526af0 DEOPT PACKING pc=0x0000025da06051f4 sp=0x000000d5dcefee30
Event: 1152.187 Thread 0x0000025db5525b00 DEOPT UNPACKING pc=0x0000025d9f627543 sp=0x000000d5dc9fe380 mode 1
Event: 1152.187 Thread 0x0000025db5526af0 DEOPT UNPACKING pc=0x0000025d9f627543 sp=0x000000d5dcefe3d0 mode 1
Event: 1152.187 Thread 0x0000025db5525b00 DEOPT PACKING pc=0x0000025da0608574 sp=0x000000d5dc9fef20
Event: 1152.187 Thread 0x0000025db5525b00 DEOPT UNPACKING pc=0x0000025d9f627543 sp=0x000000d5dc9fe420 mode 1
Event: 1152.187 Thread 0x0000025db5526af0 DEOPT PACKING pc=0x0000025da060229c sp=0x000000d5dcefefa0
Event: 1152.187 Thread 0x0000025db5526af0 DEOPT UNPACKING pc=0x0000025d9f627543 sp=0x000000d5dcefe4f8 mode 1

Classes loaded (20 events):
Event: 424.534 Loading class java/time/format/DateTimeFormatterBuilder$ReducedPrinterParser
Event: 424.534 Loading class java/time/format/DateTimeFormatterBuilder$ReducedPrinterParser done
Event: 424.549 Loading class java/io/PushbackInputStream
Event: 424.549 Loading class java/io/PushbackInputStream done
Event: 424.550 Loading class java/util/OptionalLong
Event: 424.550 Loading class java/util/OptionalLong done
Event: 424.550 Loading class java/util/OptionalDouble
Event: 424.550 Loading class java/util/OptionalDouble done
Event: 424.552 Loading class org/w3c/dom/Node
Event: 424.552 Loading class org/w3c/dom/Node done
Event: 424.552 Loading class org/w3c/dom/Document
Event: 424.552 Loading class org/w3c/dom/Document done
Event: 424.683 Loading class java/util/stream/LongStream
Event: 424.683 Loading class java/util/stream/LongStream done
Event: 424.683 Loading class java/util/stream/DoubleStream
Event: 424.683 Loading class java/util/stream/DoubleStream done
Event: 424.963 Loading class java/util/concurrent/locks/ReentrantReadWriteLock$Sync$HoldCounter
Event: 424.964 Loading class java/util/concurrent/locks/ReentrantReadWriteLock$Sync$HoldCounter done
Event: 424.982 Loading class java/util/concurrent/atomic/Striped64$Cell
Event: 424.982 Loading class java/util/concurrent/atomic/Striped64$Cell done

Classes unloaded (20 events):
Event: 203.284 Thread 0x0000025dae853170 Unloading class 0x00000008010c0000 'java/lang/invoke/LambdaForm$DMH+0x00000008010c0000'
Event: 203.284 Thread 0x0000025dae853170 Unloading class 0x000000080100c400 'java/lang/invoke/LambdaForm$MH+0x000000080100c400'
Event: 203.284 Thread 0x0000025dae853170 Unloading class 0x000000080100b800 'java/lang/invoke/LambdaForm$MH+0x000000080100b800'
Event: 203.284 Thread 0x0000025dae853170 Unloading class 0x000000080100b400 'java/lang/invoke/LambdaForm$MH+0x000000080100b400'
Event: 203.284 Thread 0x0000025dae853170 Unloading class 0x000000080100b000 'java/lang/invoke/LambdaForm$MH+0x000000080100b000'
Event: 203.284 Thread 0x0000025dae853170 Unloading class 0x000000080100a800 'java/lang/invoke/LambdaForm$MH+0x000000080100a800'
Event: 203.284 Thread 0x0000025dae853170 Unloading class 0x0000000801009c00 'java/lang/invoke/LambdaForm$MH+0x0000000801009c00'
Event: 203.284 Thread 0x0000025dae853170 Unloading class 0x0000000801008c00 'java/lang/invoke/LambdaForm$MH+0x0000000801008c00'
Event: 203.284 Thread 0x0000025dae853170 Unloading class 0x0000000801008800 'java/lang/invoke/LambdaForm$MH+0x0000000801008800'
Event: 203.284 Thread 0x0000025dae853170 Unloading class 0x0000000801008000 'java/lang/invoke/LambdaForm$MH+0x0000000801008000'
Event: 203.284 Thread 0x0000025dae853170 Unloading class 0x0000000801007800 'java/lang/invoke/LambdaForm$MH+0x0000000801007800'
Event: 203.284 Thread 0x0000025dae853170 Unloading class 0x0000000801007000 'java/lang/invoke/LambdaForm$MH+0x0000000801007000'
Event: 203.284 Thread 0x0000025dae853170 Unloading class 0x0000000801006800 'java/lang/invoke/LambdaForm$MH+0x0000000801006800'
Event: 203.284 Thread 0x0000025dae853170 Unloading class 0x0000000801006000 'java/lang/invoke/LambdaForm$MH+0x0000000801006000'
Event: 203.284 Thread 0x0000025dae853170 Unloading class 0x0000000801003800 'java/lang/invoke/LambdaForm$MH+0x0000000801003800'
Event: 203.284 Thread 0x0000025dae853170 Unloading class 0x0000000801003400 'java/lang/invoke/LambdaForm$MH+0x0000000801003400'
Event: 203.284 Thread 0x0000025dae853170 Unloading class 0x0000000801003000 'java/lang/invoke/LambdaForm$MH+0x0000000801003000'
Event: 203.284 Thread 0x0000025dae853170 Unloading class 0x0000000801002c00 'java/lang/invoke/LambdaForm$MH+0x0000000801002c00'
Event: 229.631 Thread 0x0000025dae853170 Unloading class 0x0000000801ac0800 'org/apache/catalina/loader/JdbcLeakPrevention'
Event: 277.604 Thread 0x0000025dae853170 Unloading class 0x00000008012e9000 'org/apache/catalina/loader/JdbcLeakPrevention'

Classes redefined (14 events):
Event: 142.634 Thread 0x0000025dae853170 redefined class name=com.example.stock.auth.AuthenticationConrtroller, count=1
Event: 142.634 Thread 0x0000025dae853170 redefined class name=com.example.stock.auth.AuthenticationConrtroller, count=1
Event: 201.998 Thread 0x0000025dae853170 redefined class name=com.example.stock.auth.AuthenticationConrtroller, count=1
Event: 201.998 Thread 0x0000025dae853170 redefined class name=com.example.stock.auth.AuthenticationConrtroller, count=2
Event: 201.999 Thread 0x0000025dae853170 redefined class name=com.example.stock.auth.AuthenticationConrtroller, count=2
Event: 228.127 Thread 0x0000025dae853170 redefined class name=com.example.stock.auth.AuthenticationConrtroller, count=2
Event: 228.127 Thread 0x0000025dae853170 redefined class name=com.example.stock.auth.AuthenticationConrtroller, count=3
Event: 228.127 Thread 0x0000025dae853170 redefined class name=com.example.stock.auth.AuthenticationConrtroller, count=1
Event: 228.127 Thread 0x0000025dae853170 redefined class name=com.example.stock.auth.AuthenticationConrtroller, count=3
Event: 276.715 Thread 0x0000025dae853170 redefined class name=com.example.stock.auth.AuthenticationConrtroller, count=1
Event: 276.715 Thread 0x0000025dae853170 redefined class name=com.example.stock.auth.AuthenticationConrtroller, count=3
Event: 276.716 Thread 0x0000025dae853170 redefined class name=com.example.stock.auth.AuthenticationConrtroller, count=4
Event: 276.716 Thread 0x0000025dae853170 redefined class name=com.example.stock.auth.AuthenticationConrtroller, count=2
Event: 276.716 Thread 0x0000025dae853170 redefined class name=com.example.stock.auth.AuthenticationConrtroller, count=4

Internal exceptions (20 events):
Event: 278.088 Thread 0x0000025db5528580 Exception <a 'java/lang/NoClassDefFoundError'{0x000000070698b2e8}: org/flywaydb/core/Flyway> (0x000000070698b2e8) 
thrown [s\open\src\hotspot\share\oops\constantPool.cpp, line 837]
Event: 278.090 Thread 0x0000025db5528580 Exception <a 'java/lang/NoClassDefFoundError'{0x000000070698b948}: liquibase/integration/spring/SpringLiquibase> (0x000000070698b948) 
thrown [s\open\src\hotspot\share\oops\constantPool.cpp, line 837]
Event: 278.097 Thread 0x0000025db5528580 Exception <a 'java/lang/NoClassDefFoundError'{0x000000070661e298}: org/jooq/DSLContext> (0x000000070661e298) 
thrown [s\open\src\hotspot\share\oops\constantPool.cpp, line 837]
Event: 278.099 Thread 0x0000025db5528580 Exception <a 'java/lang/NoClassDefFoundError'{0x0000000706631e48}: org/springframework/batch/core/repository/JobRepository> (0x0000000706631e48) 
thrown [s\open\src\hotspot\share\oops\constantPool.cpp, line 837]
Event: 278.100 Thread 0x0000025db5528580 Exception <a 'java/lang/NoClassDefFoundError'{0x00000007066324a0}: org/quartz/Scheduler> (0x00000007066324a0) 
thrown [s\open\src\hotspot\share\oops\constantPool.cpp, line 837]
Event: 278.102 Thread 0x0000025db5528580 Exception <a 'java/lang/NoClassDefFoundError'{0x0000000706632b20}: org/springframework/session/jdbc/JdbcIndexedSessionRepository> (0x0000000706632b20) 
thrown [s\open\src\hotspot\share\oops\constantPool.cpp, line 837]
Event: 278.172 Thread 0x0000025db5528580 Exception <a 'sun/nio/fs/WindowsException'{0x0000000705fe6668}> (0x0000000705fe6668) 
thrown [s\open\src\hotspot\share\prims\jni.cpp, line 517]
Event: 278.172 Thread 0x0000025db5528580 Exception <a 'sun/nio/fs/WindowsException'{0x0000000705fe6d68}> (0x0000000705fe6d68) 
thrown [s\open\src\hotspot\share\prims\jni.cpp, line 517]
Event: 278.172 Thread 0x0000025db5528580 Exception <a 'sun/nio/fs/WindowsException'{0x0000000705fe7448}> (0x0000000705fe7448) 
thrown [s\open\src\hotspot\share\prims\jni.cpp, line 517]
Event: 278.181 Thread 0x0000025db5528580 Exception <a 'java/io/FileNotFoundException'{0x0000000705c28ae8}> (0x0000000705c28ae8) 
thrown [s\open\src\hotspot\share\prims\jni.cpp, line 517]
Event: 278.241 Thread 0x0000025db5528580 Exception <a 'sun/nio/fs/WindowsException'{0x00000007057a4c80}> (0x00000007057a4c80) 
thrown [s\open\src\hotspot\share\prims\jni.cpp, line 517]
Event: 278.715 Thread 0x0000025db5528580 Exception <a 'java/io/FileNotFoundException'{0x0000000706551b00}> (0x0000000706551b00) 
thrown [s\open\src\hotspot\share\prims\jni.cpp, line 517]
Event: 278.757 Thread 0x0000025db5528580 Exception <a 'java/io/FileNotFoundException'{0x000000070601b590}> (0x000000070601b590) 
thrown [s\open\src\hotspot\share\prims\jni.cpp, line 517]
Event: 278.757 Thread 0x0000025db5528580 Exception <a 'java/io/FileNotFoundException'{0x0000000706025760}> (0x0000000706025760) 
thrown [s\open\src\hotspot\share\prims\jni.cpp, line 517]
Event: 278.972 Thread 0x0000025db5528580 Exception <a 'sun/nio/fs/WindowsException'{0x0000000706e90e48}> (0x0000000706e90e48) 
thrown [s\open\src\hotspot\share\prims\jni.cpp, line 517]
Event: 301.043 Thread 0x0000025db3d9c800 Exception <a 'java/lang/NoSuchMethodError'{0x000000070681e5e0}: static [B.<clinit>()V> (0x000000070681e5e0) 
thrown [s\open\src\hotspot\share\prims\jni.cpp, line 1107]
Event: 424.786 Thread 0x0000025db552a560 Exception <a 'java/lang/NoSuchMethodError'{0x0000000707a7a8a8}: 'java.lang.Object java.lang.invoke.DirectMethodHandle$Holder.invokeInterface(java.lang.Object, java.lang.Object, java.lang.Object, java.lang.Object)'> (0x0000000707a7a8a8) 
thrown [s\open\src\hotspot\share\interpreter\linkResolver.cpp, line 774]
Event: 424.802 Thread 0x0000025db552a560 Exception <a 'java/lang/IncompatibleClassChangeError'{0x0000000707adbf98}: Found class java.lang.Object, but interface was expected> (0x0000000707adbf98) 
thrown [s\open\src\hotspot\share\interpreter\linkResolver.cpp, line 841]
Event: 1145.051 Thread 0x0000025db5523b20 Exception <a 'java/net/SocketException'{0x0000000708a86f40}: Connection reset by peer: shutdown> (0x0000000708a86f40) 
thrown [s\open\src\hotspot\share\prims\jni.cpp, line 536]
Event: 1152.186 Thread 0x0000025db5524b10 Exception <a 'java/lang/InterruptedException'{0x00000007086752e0}: sleep interrupted> (0x00000007086752e0) 
thrown [s\open\src\hotspot\share\prims\jvm.cpp, line 3103]

VM Operations (20 events):
Event: 1144.107 Executing VM operation: get/set locals done
Event: 1144.108 Executing VM operation: get/set locals
Event: 1144.108 Executing VM operation: get/set locals done
Event: 1144.108 Executing VM operation: get/set locals
Event: 1144.108 Executing VM operation: get/set locals done
Event: 1145.102 Executing VM operation: get/set locals
Event: 1145.103 Executing VM operation: get/set locals done
Event: 1145.104 Executing VM operation: get/set locals
Event: 1145.104 Executing VM operation: get/set locals done
Event: 1145.105 Executing VM operation: get/set locals
Event: 1145.105 Executing VM operation: get/set locals done
Event: 1145.107 Executing VM operation: get/set locals
Event: 1145.107 Executing VM operation: get/set locals done
Event: 1145.108 Executing VM operation: get/set locals
Event: 1145.108 Executing VM operation: get/set locals done
Event: 1150.109 Executing VM operation: Cleanup
Event: 1150.109 Executing VM operation: Cleanup done
Event: 1150.123 Executing VM operation: get/set locals
Event: 1150.123 Executing VM operation: get/set locals done
Event: 1152.187 Executing VM operation: G1CollectFull

Events (20 events):
Event: 457.396 Thread 0x0000025db65b4780 Thread exited: 0x0000025db65b4780
Event: 457.396 Thread 0x0000025db65b4200 Thread exited: 0x0000025db65b4200
Event: 462.402 Thread 0x0000025db60fd770 Thread exited: 0x0000025db60fd770
Event: 1145.016 Thread 0x0000025db5528580 Thread added: 0x0000025db5528580
Event: 1145.016 Thread 0x0000025db5523080 Thread exited: 0x0000025db5523080
Event: 1145.050 Thread 0x0000025db5524070 Thread exited: 0x0000025db5524070
Event: 1145.052 Thread 0x0000025db5523b20 Thread exited: 0x0000025db5523b20
Event: 1145.053 Thread 0x0000025db5527040 Thread exited: 0x0000025db5527040
Event: 1145.053 Thread 0x0000025db552aab0 Thread exited: 0x0000025db552aab0
Event: 1145.053 Thread 0x0000025db5529570 Thread exited: 0x0000025db5529570
Event: 1145.053 Thread 0x0000025db5527590 Thread exited: 0x0000025db5527590
Event: 1145.053 Thread 0x0000025db55245c0 Thread exited: 0x0000025db55245c0
Event: 1145.053 Thread 0x0000025db5525060 Thread exited: 0x0000025db5525060
Event: 1145.053 Thread 0x0000025db552a560 Thread exited: 0x0000025db552a560
Event: 1145.053 Thread 0x0000025db5527ae0 Thread exited: 0x0000025db5527ae0
Event: 1145.053 Thread 0x0000025db55235d0 Thread exited: 0x0000025db55235d0
Event: 1150.061 Thread 0x0000025db5528ad0 Thread added: 0x0000025db5528ad0
Event: 1150.063 Thread 0x0000025db5526050 Thread exited: 0x0000025db5526050
Event: 1150.067 Thread 0x0000025db5528ad0 Thread exited: 0x0000025db5528ad0
Event: 1152.187 Thread 0x0000025db5524b10 Thread exited: 0x0000025db5524b10


Dynamic libraries:
0x00007ff692210000 - 0x00007ff692220000 	C:\Program Files\Java\jdk-19\bin\javaw.exe
0x00007ffcad6d0000 - 0x00007ffcad8c8000 	C:\Windows\SYSTEM32\ntdll.dll
0x00007ffcabe20000 - 0x00007ffcabedd000 	C:\Windows\System32\KERNEL32.DLL
0x00007ffcaaf60000 - 0x00007ffcab256000 	C:\Windows\System32\KERNELBASE.dll
0x00007ffcaae60000 - 0x00007ffcaaf60000 	C:\Windows\System32\ucrtbase.dll
0x00007ffc96f50000 - 0x00007ffc96f68000 	C:\Program Files\Java\jdk-19\bin\jli.dll
0x00007ffc970e0000 - 0x00007ffc970fb000 	C:\Program Files\Java\jdk-19\bin\VCRUNTIME140.dll
0x00007ffcab760000 - 0x00007ffcab810000 	C:\Windows\System32\ADVAPI32.dll
0x00007ffcac530000 - 0x00007ffcac5ce000 	C:\Windows\System32\msvcrt.dll
0x00007ffcacaf0000 - 0x00007ffcacb90000 	C:\Windows\System32\sechost.dll
0x00007ffcac6a0000 - 0x00007ffcac7c3000 	C:\Windows\System32\RPCRT4.dll
0x00007ffcaae30000 - 0x00007ffcaae57000 	C:\Windows\System32\bcrypt.dll
0x00007ffcab810000 - 0x00007ffcab9af000 	C:\Windows\System32\USER32.dll
0x00007ffc9b220000 - 0x00007ffc9b4ba000 	C:\Windows\WinSxS\amd64_microsoft.windows.common-controls_6595b64144ccf1df_6.0.19041.4355_none_60b8b9eb71f62e16\COMCTL32.dll
0x00007ffcab3b0000 - 0x00007ffcab3d2000 	C:\Windows\System32\win32u.dll
0x00007ffcac2a0000 - 0x00007ffcac2cb000 	C:\Windows\System32\GDI32.dll
0x00007ffcab3e0000 - 0x00007ffcab4f7000 	C:\Windows\System32\gdi32full.dll
0x00007ffcab500000 - 0x00007ffcab59d000 	C:\Windows\System32\msvcp_win.dll
0x00007ffca3a10000 - 0x00007ffca3a1a000 	C:\Windows\SYSTEM32\VERSION.dll
0x00007ffcac8a0000 - 0x00007ffcac8d2000 	C:\Windows\System32\IMM32.DLL
0x00007ffc97170000 - 0x00007ffc9717c000 	C:\Program Files\Java\jdk-19\bin\vcruntime140_1.dll
0x00007ffc845f0000 - 0x00007ffc8467e000 	C:\Program Files\Java\jdk-19\bin\msvcp140.dll
0x00007ffc78520000 - 0x00007ffc791e0000 	C:\Program Files\Java\jdk-19\bin\server\jvm.dll
0x00007ffca61a0000 - 0x00007ffca61a9000 	C:\Windows\SYSTEM32\WSOCK32.dll
0x00007ffca7dd0000 - 0x00007ffca7df7000 	C:\Windows\SYSTEM32\WINMM.dll
0x00007ffcad5c0000 - 0x00007ffcad62b000 	C:\Windows\System32\WS2_32.dll
0x00007ffca95c0000 - 0x00007ffca95d2000 	C:\Windows\SYSTEM32\kernel.appcore.dll
0x00007ffc96f40000 - 0x00007ffc96f4a000 	C:\Program Files\Java\jdk-19\bin\jimage.dll
0x00007ffca92a0000 - 0x00007ffca9484000 	C:\Windows\SYSTEM32\DBGHELP.DLL
0x00007ffc86ae0000 - 0x00007ffc86b14000 	C:\Windows\SYSTEM32\dbgcore.DLL
0x00007ffcab2b0000 - 0x00007ffcab332000 	C:\Windows\System32\bcryptPrimitives.dll
0x00007ffc95b30000 - 0x00007ffc95b6c000 	C:\Program Files\Java\jdk-19\bin\jdwp.dll
0x00007ffc96f30000 - 0x00007ffc96f3e000 	C:\Program Files\Java\jdk-19\bin\instrument.dll
0x00007ffc928d0000 - 0x00007ffc928f6000 	C:\Program Files\Java\jdk-19\bin\java.dll
0x00007ffc84210000 - 0x00007ffc842e7000 	C:\Program Files\Java\jdk-19\bin\jsvml.dll
0x00007ffcacd40000 - 0x00007ffcad4ab000 	C:\Windows\System32\SHELL32.dll
0x00007ffca8b00000 - 0x00007ffca929d000 	C:\Windows\SYSTEM32\windows.storage.dll
0x00007ffcabf40000 - 0x00007ffcac293000 	C:\Windows\System32\combase.dll
0x00007ffcaa730000 - 0x00007ffcaa75e000 	C:\Windows\SYSTEM32\Wldp.dll
0x00007ffcac5d0000 - 0x00007ffcac69d000 	C:\Windows\System32\OLEAUT32.dll
0x00007ffcac7e0000 - 0x00007ffcac88d000 	C:\Windows\System32\SHCORE.dll
0x00007ffcab700000 - 0x00007ffcab755000 	C:\Windows\System32\shlwapi.dll
0x00007ffcaacb0000 - 0x00007ffcaacd4000 	C:\Windows\SYSTEM32\profapi.dll
0x00007ffc96ef0000 - 0x00007ffc96efc000 	C:\Program Files\Java\jdk-19\bin\dt_socket.dll
0x00007ffcaa110000 - 0x00007ffcaa14b000 	C:\Windows\SYSTEM32\IPHLPAPI.DLL
0x00007ffcaa430000 - 0x00007ffcaa49a000 	C:\Windows\system32\mswsock.dll
0x00007ffcaa150000 - 0x00007ffcaa21b000 	C:\Windows\SYSTEM32\DNSAPI.dll
0x00007ffcacb90000 - 0x00007ffcacb98000 	C:\Windows\System32\NSI.dll
0x00007ffc9a850000 - 0x00007ffc9a85a000 	C:\Windows\System32\rasadhlp.dll
0x00007ffc9c040000 - 0x00007ffc9c0c0000 	C:\Windows\System32\fwpuclnt.dll
0x00007ffc95060000 - 0x00007ffc95078000 	C:\Program Files\Java\jdk-19\bin\zip.dll
0x00007ffc928b0000 - 0x00007ffc928c3000 	C:\Program Files\Java\jdk-19\bin\net.dll
0x00007ffca1e70000 - 0x00007ffca1f7a000 	C:\Windows\SYSTEM32\WINHTTP.dll
0x00007ffc91e50000 - 0x00007ffc91e66000 	C:\Program Files\Java\jdk-19\bin\nio.dll
0x00007ffc961e0000 - 0x00007ffc961ea000 	C:\Program Files\Java\jdk-19\bin\management.dll
0x00007ffc95fe0000 - 0x00007ffc95feb000 	C:\Program Files\Java\jdk-19\bin\management_ext.dll
0x00007ffcac890000 - 0x00007ffcac898000 	C:\Windows\System32\PSAPI.DLL
0x00007ffc812c0000 - 0x00007ffc812d7000 	C:\Windows\system32\napinsp.dll
0x00007ffc7ef80000 - 0x00007ffc7ef9b000 	C:\Windows\system32\pnrpnsp.dll
0x00007ffca4c00000 - 0x00007ffca4c15000 	C:\Windows\system32\wshbth.dll
0x00007ffca6070000 - 0x00007ffca608d000 	C:\Windows\system32\NLAapi.dll
0x00007ffc75b70000 - 0x00007ffc75b82000 	C:\Windows\System32\winrnr.dll
0x00007ffcaa690000 - 0x00007ffcaa6a8000 	C:\Windows\SYSTEM32\CRYPTSP.dll
0x00007ffca9d50000 - 0x00007ffca9d84000 	C:\Windows\system32\rsaenh.dll
0x00007ffcaac60000 - 0x00007ffcaac8e000 	C:\Windows\SYSTEM32\USERENV.dll
0x00007ffcaa680000 - 0x00007ffcaa68c000 	C:\Windows\SYSTEM32\CRYPTBASE.dll
0x00007ffca2080000 - 0x00007ffca2097000 	C:\Windows\SYSTEM32\dhcpcsvc6.DLL
0x00007ffca2f20000 - 0x00007ffca2f3d000 	C:\Windows\SYSTEM32\dhcpcsvc.DLL
0x00007ffc95990000 - 0x00007ffc95998000 	C:\Program Files\Java\jdk-19\bin\extnet.dll
0x00007ffc94cf0000 - 0x00007ffc94d00000 	C:\Program Files\Java\jdk-19\bin\verify.dll
0x00007ffc93510000 - 0x00007ffc9351e000 	C:\Program Files\Java\jdk-19\bin\sunmscapi.dll
0x00007ffcab5a0000 - 0x00007ffcab6fe000 	C:\Windows\System32\CRYPT32.dll
0x00007ffcaa7a0000 - 0x00007ffcaa7c9000 	C:\Windows\SYSTEM32\ncrypt.dll
0x00007ffcaa760000 - 0x00007ffcaa79b000 	C:\Windows\SYSTEM32\NTASN1.dll
0x00007ffc91480000 - 0x00007ffc91487000 	C:\Windows\system32\wshunix.dll

dbghelp: loaded successfully - version: 4.0.5 - missing functions: none
symbol engine: initialized successfully - sym options: 0x614 - pdb path: .;C:\Program Files\Java\jdk-19\bin;C:\Windows\SYSTEM32;C:\Windows\WinSxS\amd64_microsoft.windows.common-controls_6595b64144ccf1df_6.0.19041.4355_none_60b8b9eb71f62e16;C:\Program Files\Java\jdk-19\bin\server

VM Arguments:
jvm_args: -XX:+ShowCodeDetailsInExceptionMessages -agentlib:jdwp=transport=dt_socket,suspend=y,address=localhost:60118 -Dcom.sun.management.jmxremote -Dcom.sun.management.jmxremote.port=60117 -Dcom.sun.management.jmxremote.authenticate=false -Dcom.sun.management.jmxremote.ssl=false -Djava.rmi.server.hostname=localhost -Dspring.jmx.enabled=true -Dmanagement.endpoints.jmx.exposure.include=* -Dspring.application.admin.enabled=true -XX:TieredStopAtLevel=1 -Dspring.boot.project.name=GestionStockBackend-main -javaagent:C:\Users\Lenovo\Desktop\sts-4.22.1.RELEASE\configuration\org.eclipse.osgi\266\0\.cp\lib\javaagent-shaded.jar -Dfile.encoding=UTF-8 -Dstdout.encoding=UTF-8 -Dstderr.encoding=UTF-8 
java_command: com.example.stock.StockApplication --spring.output.ansi.enabled=always
java_class_path (initial): C:\Users\Lenovo\Desktop\pfeEsprit\PFEGestionStockBack-main\target\classes;C:\Users\Lenovo\.m2\repository\org\springframework\boot\spring-boot-starter-data-jpa\3.2.3\spring-boot-starter-data-jpa-3.2.3.jar;C:\Users\Lenovo\.m2\repository\org\springframework\boot\spring-boot-starter-aop\3.2.3\spring-boot-starter-aop-3.2.3.jar;C:\Users\Lenovo\.m2\repository\org\aspectj\aspectjweaver\1.9.21\aspectjweaver-1.9.21.jar;C:\Users\Lenovo\.m2\repository\org\springframework\boot\spring-boot-starter-jdbc\3.2.3\spring-boot-starter-jdbc-3.2.3.jar;C:\Users\Lenovo\.m2\repository\com\zaxxer\HikariCP\5.0.1\HikariCP-5.0.1.jar;C:\Users\Lenovo\.m2\repository\org\springframework\spring-jdbc\6.1.4\spring-jdbc-6.1.4.jar;C:\Users\Lenovo\.m2\repository\org\hibernate\orm\hibernate-core\6.4.4.Final\hibernate-core-6.4.4.Final.jar;C:\Users\Lenovo\.m2\repository\jakarta\persistence\jakarta.persistence-api\3.1.0\jakarta.persistence-api-3.1.0.jar;C:\Users\Lenovo\.m2\repository\jakarta\transaction\jakarta.transaction-api\2.0.1\jakarta.transaction-api-2.0.1.jar;C:\Users\Lenovo\.m2\repository\org\jboss\logging\jboss-logging\3.5.3.Final\jboss-logging-3.5.3.Final.jar;C:\Users\Lenovo\.m2\repository\org\hibernate\common\hibernate-commons-annotations\6.0.6.Final\hibernate-commons-annotations-6.0.6.Final.jar;C:\Users\Lenovo\.m2\repository\io\smallrye\jandex\3.1.2\jandex-3.1.2.jar;C:\Users\Lenovo\.m2\repository\com\fasterxml\classmate\1.6.0\classmate-1.6.0.jar;C:\Users\Lenovo\.m2\repository\net\bytebuddy\byte-buddy\1.14.12\byte-buddy-1.14.12.jar;C:\Users\Lenovo\.m2\repository\org\glassfish\jaxb\jaxb-runtime\4.0.4\jaxb-runtime-4.0.4.jar;C:\Users\Lenovo\.m2\repository\org\glassfish\jaxb\jaxb-core\4.0.4\jaxb-core-4.0.4.jar;C:\Users\Lenovo\.m2\repository\org\glassfish\jaxb\txw2\4.0.4\txw2-4.0.4.jar;C:\Users\Lenovo\.m2\repository\com\sun\istack\istack-commons-runtime\4.1.2\istack-commons-runtime-4.1.2.jar;C:\Users\Lenovo\.m2\repository\jakarta\inject\jakarta.inject-api\2.0.1\jakarta.inject-api-2.0.1.jar;C:\Users\Lenovo\.m2\repository\org\antlr\antlr4-runtime\4.13.0\antlr4-runtime-4.13.0.jar;C:\Users\Lenovo\.m2\repository\org\springframework\data\spring-data-jpa\3.2.3\spring-data-jpa-3.2.3.jar;C:\Users\Lenovo\.m2\repository\org\springframework\data\spring-data-commons\3.2.3\spring-data-commons-3.2.3.jar;C:\Users\Lenovo\.m2\repository\org\springframework\spring-orm\6.1.4\spring-orm-6.1.4.jar;C:\Users\Lenovo\.m2\repository\org\springframework\spring-context\6.1.4\spring-context-6.1.4.jar;C:\Users\Lenovo\.m2\repository\org\springframework\spring-tx\6.1.4\spring-tx-6.1.4.jar;C:\Users\Lenovo\.m2\repository\org\springframework\spring-beans\6.1.4\spring-beans-6.1.4.jar;C:\Users\Lenovo\.m2\repository\org\springframework\spring-aspects\6.1.4\spring-aspects-6.1.4.jar;C:\Users\Lenovo\.m2\repository\org\springframework\boot\spring-boot-starter-security\3.2.3\spring-boot-starter-security-3.2.3.jar;C:\Users\Lenovo\.m2\repository\org\springframework\spring-aop\6.1.4\spring-aop-6.1.4.jar;C:\Users\Lenovo\.m2\repository\org\springframework\security\spring-security-config\6.2.2\spring-security-config-6.2.2.jar;C:\Users\Lenovo\.m2\repository\org\springframework\security\spring-security-web\6.2.2\spring-security-web-6.2.2.jar;C:\Users\Lenovo\.m2\repository\org\springframework\spring-expression\6.1.4\spring-expression-6.1.4.jar;C:\Users\Lenovo\.m2\repository\io\springfox\springfox-swagger-ui\2.9.2\springfox-swagger-ui-2.9.2.jar;C:\Users\Lenovo\.m2\repository\io\springfox\springfox-spring-web\2.9.2\springfox-spring-web-2.9.2.jar;C:\Users\Lenovo\.m2\repository\com\google\guava\guava\20.0\guava-20.0.jar;C:\Users\Lenovo\.m2\repository\org\springframework\plugin\spring-plugin-core\1.2.0.RELEASE\spring-plugin-core-1.2.0.RELEASE.jar;C:\Users\Lenovo\.m2\repository\org\springframework\plugin\spring-plugin-metadata\1.2.0.RELEASE\spring-plugin-metadata-1.2.0.RELEASE.jar;C:\Users\Lenovo\.m2\repository\io\springfox\springfox-spi\2.9.2\springfox-spi-2.9.2.jar;C:\Users\Lenovo\.m2\repository\io\springfox\springfox-core\2.9.2\springfox-core-2.9.2.jar;C:\Users\Lenovo\.m2\repository\com\mysql\mysql-connector-j\8.3.0\mysql-connector-j-8.3.0.jar;C:\Users\Lenovo\.m2\repository\commons-io\commons-io\2.11.0\commons-io-2.11.0.jar;C:\Users\Lenovo\.m2\repository\org\thymeleaf\thymeleaf-spring5\3.1.2.RELEASE\thymeleaf-spring5-3.1.2.RELEASE.jar;C:\Users\Lenovo\.m2\repository\org\slf4j\slf4j-api\2.0.12\slf4j-api-2.0.12.jar;C:\Users\Lenovo\.m2\repository\javax\validation\validation-api\2.0.1.Final\validation-api-2.0.1.Final.jar;C:\Users\Lenovo\.m2\repository\org\springframework\boot\spring-boot-starter-thymeleaf\3.2.3\spring-boot-starter-thymeleaf-3.2.3.jar;C:\Users\Lenovo\.m2\repository\org\thymeleaf\thymeleaf-spring6\3.1.2.RELEASE\thymeleaf-spring6-3.1.2.RELEASE.jar;C:\Users\Lenovo\.m2\repository\org\springframework\boot\spring-boot-starter-mail\3.1.5\spring-boot-starter-mail-3.1.5.jar;C:\Users\Lenovo\.m2\repository\org\springframework\spring-context-support\6.1.4\spring-context-support-6.1.4.jar;C:\Users\Lenovo\.m2\repository\org\eclipse\angus\jakarta.mail\2.0.2\jakarta.mail-2.0.2.jar;C:\Users\Lenovo\.m2\repository\jakarta\activation\jakarta.activation-api\2.1.2\jakarta.activation-api-2.1.2.jar;C:\Users\Lenovo\.m2\repository\org\eclipse\angus\angus-activation\2.0.1\angus-activation-2.0.1.jar;C:\Users\Lenovo\.m2\repository\org\apache\commons\commons-lang3\3.14.0\commons-lang3-3.14.0.jar;C:\Users\Lenovo\.m2\repository\org\thymeleaf\thymeleaf\3.1.2.RELEASE\thymeleaf-3.1.2.RELEASE.jar;C:\Users\Lenovo\.m2\repository\ognl\ognl\3.3.4\ognl-3.3.4.jar;C:\Users\Lenovo\.m2\repository\org\javassist\javassist\3.29.0-GA\javassist-3.29.0-GA.jar;C:\Users\Lenovo\.m2\repository\org\attoparser\attoparser\2.0.7.RELEASE\attoparser-2.0.7.RELEASE.jar;C:\Users\Lenovo\.m2\repository\org\unbescape\unbescape\1.1.6.RELEASE\unbescape-1.1.6.RELEASE.jar;C:\Users\Lenovo\.m2\repository\commons-logging\commons-logging\1.2\commons-logging-1.2.jar;C:\Users\Lenovo\.m2\repository\io\jsonwebtoken\jjwt-api\0.11.5\jjwt-api-0.11.5.jar;C:\Users\Lenovo\.m2\repository\io\jsonwebtoken\jjwt-impl\0.11.5\jjwt-impl-0.11.5.jar;C:\Users\Lenovo\.m2\repository\io\jsonwebtoken\jjwt-jackson\0.11.5\jjwt-jackson-0.11.5.jar;C:\Users\Lenovo\.m2\repository\com\fasterxml\jackson\core\jackson-databind\2.15.4\jackson-databind-2.15.4.jar;C:\Users\Lenovo\.m2\repository\com\fasterxml\jackson\core\jackson-annotations\2.15.4\jackson-annotations-2.15.4.jar;C:\Users\Lenovo\.m2\repository\com\fasterxml\jackson\core\jackson-core\2.15.4\jackson-core-2.15.4.jar;C:\Users\Lenovo\.m2\repository\org\springframework\boot\spring-boot-starter-web\3.2.3\spring-boot-starter-web-3.2.3.jar;C:\Users\Lenovo\.m2\repository\org\springframework\boot\spring-boot-starter-json\3.2.3\spring-boot-starter-json-3.2.3.jar;C:\Users\Lenovo\.m2\repository\com\fasterxml\jackson\datatype\jackson-datatype-jdk8\2.15.4\jackson-datatype-jdk8-2.15.4.jar;C:\Users\Lenovo\.m2\repository\com\fasterxml\jackson\datatype\jackson-datatype-jsr310\2.15.4\jackson-datatype-jsr310-2.15.4.jar;C:\Users\Lenovo\.m2\repository\com\fasterxml\jackson\module\jackson-module-parameter-names\2.15.4\jackson-module-parameter-names-2.15.4.jar;C:\Users\Lenovo\.m2\repository\org\springframework\boot\spring-boot-starter-tomcat\3.2.3\spring-boot-starter-tomcat-3.2.3.jar;C:\Users\Lenovo\.m2\repository\org\apache\tomcat\embed\tomcat-embed-core\10.1.19\tomcat-embed-core-10.1.19.jar;C:\Users\Lenovo\.m2\repository\org\apache\tomcat\embed\tomcat-embed-el\10.1.19\tomcat-embed-el-10.1.19.jar;C:\Users\Lenovo\.m2\repository\org\apache\tomcat\embed\tomcat-embed-websocket\10.1.19\tomcat-embed-websocket-10.1.19.jar;C:\Users\Lenovo\.m2\repository\org\springframework\spring-web\6.1.4\spring-web-6.1.4.jar;C:\Users\Lenovo\.m2\repository\io\micrometer\micrometer-observation\1.12.3\micrometer-observation-1.12.3.jar;C:\Users\Lenovo\.m2\repository\io\micrometer\micrometer-commons\1.12.3\micrometer-commons-1.12.3.jar;C:\Users\Lenovo\.m2\repository\org\springframework\spring-webmvc\6.1.4\spring-webmvc-6.1.4.jar;C:\Users\Lenovo\.m2\repository\jakarta\xml\bind\jakarta.xml.bind-api\4.0.1\jakarta.xml.bind-api-4.0.1.jar;C:\Users\Lenovo\.m2\repository\org\springframework\spring-core\6.1.4\spring-core-6.1.4.jar;C:\Users\Lenovo\.m2\repository\org\springframework\spring-jcl\6.1.4\spring-jcl-6.1.4.jar;C:\Users\Lenovo\.m2\repository\org\springframework\security\spring-security-core\6.2.2\spring-security-core-6.2.2.jar;C:\Users\Lenovo\.m2\repository\org\springframework\security\spring-security-crypto\6.2.2\spring-security-crypto-6.2.2.jar;C:\Users\Lenovo\.m2\repository\org\springframework\boot\spring-boot-starter\3.2.3\spring-boot-starter-3.2.3.jar;C:\Users\Lenovo\.m2\repository\org\springframework\boot\spring-boot\3.2.3\spring-boot-3.2.3.jar;C:\Users\Lenovo\.m2\repository\org\springframework\boot\spring-boot-autoconfigure\3.2.3\spring-boot-autoconfigure-3.2.3.jar;C:\Users\Lenovo\.m2\repository\org\springframework\boot\spring-boot-starter-logging\3.2.3\spring-boot-starter-logging-3.2.3.jar;C:\Users\Lenovo\.m2\repository\ch\qos\logback\logback-classic\1.4.14\logback-classic-1.4.14.jar;C:\Users\Lenovo\.m2\repository\ch\qos\logback\logback-core\1.4.14\logback-core-1.4.14.jar;C:\Users\Lenovo\.m2\repository\org\apache\logging\log4j\log4j-to-slf4j\2.21.1\log4j-to-slf4j-2.21.1.jar;C:\Users\Lenovo\.m2\repository\org\apache\logging\log4j\log4j-api\2.21.1\log4j-api-2.21.1.jar;C:\Users\Lenovo\.m2\repository\org\slf4j\jul-to-slf4j\2.0.12\jul-to-slf4j-2.0.12.jar;C:\Users\Lenovo\.m2\repository\jakarta\annotation\jakarta.annotation-api\2.1.1\jakarta.annotation-api-2.1.1.jar;C:\Users\Lenovo\.m2\repository\org\yaml\snakeyaml\2.2\snakeyaml-2.2.jar;C:\Users\Lenovo\.m2\repository\org\springframework\boot\spring-boot-devtools\3.2.3\spring-boot-devtools-3.2.3.jar;C:\Users\Lenovo\.m2\repository\org\projectlombok\lombok\1.16.18\lombok-1.16.18.jar
Launcher Type: SUN_STANDARD

[Global flags]
     intx CICompilerCount                          = 4                                         {product} {ergonomic}
     uint ConcGCThreads                            = 2                                         {product} {ergonomic}
     uint G1ConcRefinementThreads                  = 8                                         {product} {ergonomic}
   size_t G1HeapRegionSize                         = 2097152                                   {product} {ergonomic}
    uintx GCDrainStackTargetSize                   = 64                                        {product} {ergonomic}
   size_t InitialHeapSize                          = 266338304                                 {product} {ergonomic}
     bool ManagementServer                         = true                                      {product} {command line}
   size_t MarkStackSize                            = 4194304                                   {product} {ergonomic}
   size_t MaxHeapSize                              = 4261412864                                {product} {ergonomic}
   size_t MaxNewSize                               = 2556428288                                {product} {ergonomic}
   size_t MinHeapDeltaBytes                        = 2097152                                   {product} {ergonomic}
   size_t MinHeapSize                              = 8388608                                   {product} {ergonomic}
    uintx NonProfiledCodeHeapSize                  = 0                                      {pd product} {ergonomic}
     bool ProfileInterpreter                       = false                                  {pd product} {command line}
    uintx ProfiledCodeHeapSize                     = 0                                      {pd product} {ergonomic}
     bool ShowCodeDetailsInExceptionMessages       = true                                   {manageable} {command line}
   size_t SoftMaxHeapSize                          = 4261412864                             {manageable} {ergonomic}
     intx TieredStopAtLevel                        = 1                                         {product} {command line}
     bool UseCompressedClassPointers               = true                           {product lp64_product} {ergonomic}
     bool UseCompressedOops                        = true                           {product lp64_product} {ergonomic}
     bool UseG1GC                                  = true                                      {product} {ergonomic}
     bool UseLargePagesIndividualAllocation        = false                                  {pd product} {ergonomic}

Logging:
Log output configuration:
 #0: stdout all=warning uptime,level,tags foldmultilines=false
 #1: stderr all=off uptime,level,tags foldmultilines=false

Environment Variables:
PATH=C:/Users/Lenovo/Desktop/sts-4.22.1.RELEASE//plugins/org.eclipse.justj.openjdk.hotspot.jre.full.win32.x86_64_17.0.11.v20240426-1830/jre/bin/server;C:/Users/Lenovo/Desktop/sts-4.22.1.RELEASE//plugins/org.eclipse.justj.openjdk.hotspot.jre.full.win32.x86_64_17.0.11.v20240426-1830/jre/bin;C:\Program Files\Common Files\Oracle\Java\javapath;C:\Program Files (x86)\Common Files\Oracle\Java\javapath;C:\Windows\system32;C:\Windows;C:\Windows\System32\Wbem;C:\Windows\System32\WindowsPowerShell\v1.0\;C:\Windows\System32\OpenSSH\;C:\Program Files\nodejs\;C:\Program Files\Git\cmd;C:\Users\Lenovo\AppData\Local\Microsoft\WindowsApps;C:\xampp;C:\Program Files\JetBrains\IntelliJ IDEA Community Edition 2023.3.4\bin;;C:\Program Files\JetBrains\IntelliJ IDEA 2022.2.3\bin;;C:\Users\Lenovo\AppData\Local\Programs\Microsoft VS Code\bin;C:\Users\Lenovo\AppData\Roaming\npm;C:\Program Files\Git\cmd;;C:\Users\Lenovo\Desktop\sts-4.22.1.RELEASE;
USERNAME=Lenovo
OS=Windows_NT
PROCESSOR_IDENTIFIER=Intel64 Family 6 Model 158 Stepping 10, GenuineIntel
TMP=C:\Users\Lenovo\AppData\Local\Temp
TEMP=C:\Users\Lenovo\AppData\Local\Temp



---------------  S Y S T E M  ---------------

OS:
 Windows 10 , 64 bit Build 19041 (10.0.19041.3636)
OS uptime: 20 days 4:59 hours

CPU: total 8 (initial active 8) (4 cores per cpu, 2 threads per core) family 6 model 158 stepping 10 microcode 0xf0, cx8, cmov, fxsr, ht, mmx, 3dnowpref, sse, sse2, sse3, ssse3, sse4.1, sse4.2, popcnt, lzcnt, tsc, tscinvbit, avx, avx2, aes, erms, clmul, bmi1, bmi2, adx, fma, vzeroupper, clflush, clflushopt, rdtscp

Memory: 4k page, system-wide physical 16255M (5946M free)
TotalPageFile size 18687M (AvailPageFile size 4601M)
current process WorkingSet (physical memory assigned to process): 299M, peak: 314M
current process commit charge ("private bytes"): 353M, peak: 385M

vm_info: Java HotSpot(TM) 64-Bit Server VM (19.0.2+7-44) for windows-amd64 JRE (19.0.2+7-44), built on 2022-11-30T18:02:09Z by "mach5one" with MS VC++ 17.1 (VS2022)

END.
